TN:
SF:app.js
FN:48,(anonymous_0)
FNF:1
FNH:0
FNDA:0,(anonymous_0)
DA:1,16
DA:2,16
DA:3,16
DA:4,16
DA:5,16
DA:6,16
DA:7,16
DA:9,16
DA:11,16
DA:12,16
DA:13,16
DA:14,16
DA:18,16
DA:21,16
DA:23,16
DA:24,16
DA:25,16
DA:26,16
DA:27,16
DA:29,16
DA:30,16
DA:31,16
DA:32,16
DA:33,16
DA:34,16
DA:35,16
DA:36,16
DA:37,16
DA:38,16
DA:39,16
DA:40,16
DA:47,16
DA:48,16
DA:49,0
DA:50,0
DA:52,16
DA:53,16
DA:54,16
DA:56,16
DA:57,16
DA:59,16
DA:60,0
DA:62,16
DA:63,0
DA:66,16
DA:68,16
DA:70,16
LF:47
LH:43
BRDA:59,0,0,0
BRDA:59,0,1,16
BRDA:62,1,0,0
BRDA:62,1,1,16
BRDA:62,2,0,16
BRDA:62,2,1,16
BRF:6
BRH:4
end_of_record
TN:
SF:config.js
FN:4,(anonymous_0)
FN:5,(anonymous_1)
FN:6,(anonymous_2)
FN:18,(anonymous_3)
FNF:4
FNH:4
FNDA:100,(anonymous_0)
FNDA:72,(anonymous_1)
FNDA:20,(anonymous_2)
FNDA:720,(anonymous_3)
DA:1,20
DA:2,20
DA:4,100
DA:5,72
DA:6,20
DA:7,20
DA:11,20
DA:12,20
DA:18,720
DA:20,20
LF:10
LH:10
BRDA:7,0,0,20
BRDA:7,0,1,20
BRDA:11,1,0,20
BRDA:11,1,1,0
BRDA:11,2,0,20
BRDA:11,2,1,0
BRDA:11,2,2,0
BRDA:18,3,0,720
BRDA:18,3,1,120
BRF:9
BRH:6
end_of_record
TN:
SF:constants.js
FN:35,(anonymous_0)
FN:38,(anonymous_1)
FN:41,(anonymous_2)
FN:45,(anonymous_3)
FN:47,(anonymous_4)
FN:49,(anonymous_5)
FN:52,(anonymous_6)
FN:54,(anonymous_7)
FN:58,(anonymous_8)
FN:61,(anonymous_9)
FN:66,(anonymous_10)
FN:68,(anonymous_11)
FN:70,(anonymous_12)
FN:72,(anonymous_13)
FN:74,(anonymous_14)
FN:76,(anonymous_15)
FN:78,(anonymous_16)
FN:118,(anonymous_17)
FN:125,(anonymous_18)
FN:127,(anonymous_19)
FN:242,(anonymous_20)
FN:267,(anonymous_21)
FN:300,(anonymous_22)
FN:337,(anonymous_23)
FN:402,(anonymous_24)
FN:486,(anonymous_25)
FN:513,(anonymous_26)
FN:539,(anonymous_27)
FN:562,(anonymous_28)
FN:587,(anonymous_29)
FN:624,(anonymous_30)
FN:638,(anonymous_31)
FN:675,(anonymous_32)
FN:699,(anonymous_33)
FN:710,(anonymous_34)
FN:730,(anonymous_35)
FN:763,(anonymous_36)
FN:781,(anonymous_37)
FN:796,(anonymous_38)
FN:825,(anonymous_39)
FN:1011,(anonymous_40)
FN:1022,(anonymous_41)
FN:1033,(anonymous_42)
FN:1050,(anonymous_43)
FN:1324,(anonymous_44)
FN:1357,(anonymous_45)
FN:1459,(anonymous_46)
FNF:47
FNH:5
FNDA:2,(anonymous_0)
FNDA:0,(anonymous_1)
FNDA:0,(anonymous_2)
FNDA:0,(anonymous_3)
FNDA:1,(anonymous_4)
FNDA:0,(anonymous_5)
FNDA:0,(anonymous_6)
FNDA:0,(anonymous_7)
FNDA:0,(anonymous_8)
FNDA:4,(anonymous_9)
FNDA:0,(anonymous_10)
FNDA:0,(anonymous_11)
FNDA:0,(anonymous_12)
FNDA:2,(anonymous_13)
FNDA:0,(anonymous_14)
FNDA:0,(anonymous_15)
FNDA:0,(anonymous_16)
FNDA:17,(anonymous_17)
FNDA:0,(anonymous_18)
FNDA:0,(anonymous_19)
FNDA:0,(anonymous_20)
FNDA:0,(anonymous_21)
FNDA:0,(anonymous_22)
FNDA:0,(anonymous_23)
FNDA:0,(anonymous_24)
FNDA:0,(anonymous_25)
FNDA:0,(anonymous_26)
FNDA:0,(anonymous_27)
FNDA:0,(anonymous_28)
FNDA:0,(anonymous_29)
FNDA:0,(anonymous_30)
FNDA:0,(anonymous_31)
FNDA:0,(anonymous_32)
FNDA:0,(anonymous_33)
FNDA:0,(anonymous_34)
FNDA:0,(anonymous_35)
FNDA:0,(anonymous_36)
FNDA:0,(anonymous_37)
FNDA:0,(anonymous_38)
FNDA:0,(anonymous_39)
FNDA:0,(anonymous_40)
FNDA:0,(anonymous_41)
FNDA:0,(anonymous_42)
FNDA:0,(anonymous_43)
FNDA:0,(anonymous_44)
FNDA:0,(anonymous_45)
FNDA:0,(anonymous_46)
DA:15,16
DA:16,16
DA:18,16
DA:26,16
DA:28,16
DA:29,16
DA:31,16
DA:32,16
DA:34,16
DA:35,16
DA:36,2
DA:37,16
DA:38,16
DA:39,0
DA:40,16
DA:41,16
DA:42,0
DA:43,16
DA:44,16
DA:45,16
DA:46,0
DA:47,16
DA:48,1
DA:49,16
DA:50,0
DA:51,16
DA:52,16
DA:53,0
DA:54,16
DA:55,0
DA:56,16
DA:57,16
DA:58,16
DA:59,0
DA:60,16
DA:61,16
DA:62,4
DA:63,16
DA:64,16
DA:65,16
DA:66,16
DA:67,0
DA:68,16
DA:69,0
DA:70,16
DA:71,0
DA:72,16
DA:73,2
DA:74,16
DA:75,0
DA:76,16
DA:77,0
DA:78,16
DA:79,0
DA:80,16
DA:85,16
DA:102,16
DA:103,16
DA:104,16
DA:106,16
DA:111,16
DA:118,16
DA:119,17
DA:120,17
DA:122,0
DA:125,16
DA:127,16
DA:128,0
DA:129,0
DA:131,0
DA:132,0
DA:134,0
DA:136,0
DA:137,0
DA:139,0
DA:140,0
DA:144,0
DA:149,0
DA:150,0
DA:152,0
DA:154,0
DA:156,0
DA:164,0
DA:165,0
DA:167,0
DA:168,0
DA:169,0
DA:172,0
DA:173,0
DA:174,0
DA:178,0
DA:183,16
DA:195,16
DA:198,16
DA:199,16
DA:226,16
DA:227,16
DA:232,16
DA:242,16
DA:243,0
DA:244,0
DA:245,0
DA:247,0
DA:248,0
DA:254,0
DA:261,0
DA:264,0
DA:267,16
DA:269,0
DA:273,0
DA:276,0
DA:277,0
DA:280,0
DA:281,0
DA:284,0
DA:288,0
DA:292,0
DA:293,0
DA:294,0
DA:297,0
DA:300,16
DA:301,0
DA:303,0
DA:304,0
DA:310,0
DA:313,0
DA:314,0
DA:315,0
DA:316,0
DA:320,0
DA:328,0
DA:334,0
DA:337,16
DA:338,0
DA:339,0
DA:340,0
DA:346,0
DA:348,0
DA:349,0
DA:354,0
DA:356,0
DA:357,0
DA:358,0
DA:362,0
DA:363,0
DA:364,0
DA:365,0
DA:369,0
DA:370,0
DA:378,0
DA:380,0
DA:381,0
DA:387,0
DA:389,0
DA:390,0
DA:393,0
DA:399,0
DA:402,16
DA:403,0
DA:404,0
DA:405,0
DA:409,0
DA:410,0
DA:417,0
DA:419,0
DA:420,0
DA:426,0
DA:428,0
DA:429,0
DA:433,0
DA:437,0
DA:438,0
DA:439,0
DA:440,0
DA:444,0
DA:449,0
DA:450,0
DA:459,0
DA:461,0
DA:462,0
DA:469,0
DA:471,0
DA:472,0
DA:477,0
DA:483,0
DA:486,16
DA:487,0
DA:488,0
DA:489,0
DA:490,0
DA:495,0
DA:496,0
DA:500,0
DA:502,0
DA:506,0
DA:507,0
DA:508,0
DA:510,0
DA:513,16
DA:514,0
DA:515,0
DA:517,0
DA:518,0
DA:522,0
DA:529,0
DA:536,0
DA:539,16
DA:540,0
DA:541,0
DA:543,0
DA:544,0
DA:548,0
DA:552,0
DA:559,0
DA:562,16
DA:563,0
DA:564,0
DA:566,0
DA:567,0
DA:571,0
DA:577,0
DA:584,0
DA:587,16
DA:593,0
DA:594,0
DA:596,0
DA:597,0
DA:598,0
DA:602,0
DA:610,0
DA:621,0
DA:624,16
DA:625,0
DA:627,0
DA:628,0
DA:635,0
DA:638,16
DA:639,0
DA:640,0
DA:642,0
DA:643,0
DA:644,0
DA:645,0
DA:649,0
DA:654,0
DA:660,0
DA:672,0
DA:675,16
DA:676,0
DA:677,0
DA:679,0
DA:680,0
DA:681,0
DA:685,0
DA:686,0
DA:696,0
DA:699,16
DA:700,0
DA:702,0
DA:703,0
DA:707,0
DA:710,16
DA:711,0
DA:712,0
DA:713,0
DA:719,0
DA:720,0
DA:727,0
DA:730,16
DA:731,0
DA:732,0
DA:733,0
DA:734,0
DA:738,0
DA:745,0
DA:760,0
DA:763,16
DA:768,0
DA:769,0
DA:778,0
DA:781,16
DA:786,0
DA:787,0
DA:793,0
DA:796,16
DA:797,0
DA:798,0
DA:799,0
DA:809,0
DA:810,0
DA:822,0
DA:825,16
DA:826,0
DA:827,0
DA:828,0
DA:829,0
DA:830,0
DA:836,0
DA:837,0
DA:845,0
DA:847,0
DA:854,0
DA:855,0
DA:860,0
DA:861,0
DA:869,0
DA:871,0
DA:878,0
DA:879,0
DA:880,0
DA:881,0
DA:889,0
DA:891,0
DA:901,0
DA:902,0
DA:903,0
DA:904,0
DA:908,0
DA:909,0
DA:917,0
DA:918,0
DA:929,0
DA:931,0
DA:941,0
DA:942,0
DA:948,0
DA:949,0
DA:960,0
DA:962,0
DA:972,0
DA:973,0
DA:976,0
DA:977,0
DA:988,0
DA:990,0
DA:1004,0
DA:1005,0
DA:1007,0
DA:1009,16
DA:1011,16
DA:1012,0
DA:1013,0
DA:1015,0
DA:1016,0
DA:1019,0
DA:1022,16
DA:1023,0
DA:1024,0
DA:1026,0
DA:1027,0
DA:1030,0
DA:1033,16
DA:1034,0
DA:1035,0
DA:1037,0
DA:1044,0
DA:1047,0
DA:1050,16
DA:1051,0
DA:1052,0
DA:1058,0
DA:1061,0
DA:1065,0
DA:1077,0
DA:1078,0
DA:1084,0
DA:1085,0
DA:1095,0
DA:1096,0
DA:1097,0
DA:1105,0
DA:1109,0
DA:1112,0
DA:1143,0
DA:1145,0
DA:1146,0
DA:1148,0
DA:1152,0
DA:1154,0
DA:1155,0
DA:1157,0
DA:1158,0
DA:1160,0
DA:1161,0
DA:1163,0
DA:1167,0
DA:1169,0
DA:1173,0
DA:1175,0
DA:1179,0
DA:1181,0
DA:1185,0
DA:1187,0
DA:1188,0
DA:1190,0
DA:1191,0
DA:1193,0
DA:1194,0
DA:1196,0
DA:1197,0
DA:1199,0
DA:1200,0
DA:1202,0
DA:1203,0
DA:1205,0
DA:1206,0
DA:1207,0
DA:1210,0
DA:1211,0
DA:1212,0
DA:1214,0
DA:1215,0
DA:1218,0
DA:1219,0
DA:1225,0
DA:1233,0
DA:1234,0
DA:1236,0
DA:1237,0
DA:1238,0
DA:1240,0
DA:1241,0
DA:1244,0
DA:1245,0
DA:1251,0
DA:1259,0
DA:1260,0
DA:1262,0
DA:1263,0
DA:1264,0
DA:1266,0
DA:1267,0
DA:1270,0
DA:1271,0
DA:1277,0
DA:1285,0
DA:1286,0
DA:1288,0
DA:1289,0
DA:1290,0
DA:1292,0
DA:1293,0
DA:1296,0
DA:1297,0
DA:1303,0
DA:1311,0
DA:1312,0
DA:1316,0
DA:1318,0
DA:1321,0
DA:1324,16
DA:1325,0
DA:1326,0
DA:1327,0
DA:1328,0
DA:1329,0
DA:1330,0
DA:1331,0
DA:1332,0
DA:1336,0
DA:1337,0
DA:1338,0
DA:1340,0
DA:1344,0
DA:1345,0
DA:1346,0
DA:1350,0
DA:1351,0
DA:1354,0
DA:1357,16
DA:1358,0
DA:1359,0
DA:1360,0
DA:1361,0
DA:1362,0
DA:1363,0
DA:1364,0
DA:1368,0
DA:1369,0
DA:1370,0
DA:1384,0
DA:1386,0
DA:1397,0
DA:1398,0
DA:1402,0
DA:1408,0
DA:1409,0
DA:1413,0
DA:1416,0
DA:1417,0
DA:1435,0
DA:1437,0
DA:1453,0
DA:1454,0
DA:1456,0
DA:1459,16
DA:1460,0
DA:1461,0
DA:1462,0
DA:1463,0
DA:1464,0
DA:1466,0
DA:1467,0
DA:1468,0
DA:1469,0
DA:1470,0
DA:1471,0
DA:1472,0
DA:1473,0
DA:1474,0
DA:1475,0
DA:1476,0
DA:1479,0
DA:1480,0
DA:1481,0
DA:1482,0
DA:1483,0
DA:1484,0
DA:1485,0
DA:1491,0
DA:1496,0
DA:1497,0
DA:1498,0
DA:1499,0
DA:1505,0
DA:1511,0
DA:1512,0
DA:1514,0
DA:1515,0
DA:1517,0
DA:1523,0
DA:1524,0
DA:1526,0
DA:1531,16
DA:1533,16
DA:1546,16
DA:1548,16
LF:537
LH:92
BRDA:119,0,0,17
BRDA:119,0,1,0
BRDA:119,1,0,17
BRDA:119,1,1,17
BRDA:128,2,0,0
BRDA:128,2,1,0
BRDA:131,3,0,0
BRDA:131,3,1,0
BRDA:136,4,0,0
BRDA:136,4,1,0
BRDA:140,5,0,0
BRDA:140,5,1,0
BRDA:141,6,0,0
BRDA:141,6,1,0
BRDA:149,7,0,0
BRDA:149,7,1,0
BRDA:152,8,0,0
BRDA:152,8,1,0
BRDA:164,9,0,0
BRDA:164,9,1,0
BRDA:167,10,0,0
BRDA:167,10,1,0
BRDA:168,11,0,0
BRDA:168,11,1,0
BRDA:172,12,0,0
BRDA:172,12,1,0
BRDA:173,13,0,0
BRDA:173,13,1,0
BRDA:244,14,0,0
BRDA:244,14,1,0
BRDA:254,15,0,0
BRDA:254,15,1,0
BRDA:255,16,0,0
BRDA:255,16,1,0
BRDA:255,16,2,0
BRDA:255,16,3,0
BRDA:255,16,4,0
BRDA:269,17,0,0
BRDA:269,17,1,0
BRDA:270,18,0,0
BRDA:270,18,1,0
BRDA:276,19,0,0
BRDA:276,19,1,0
BRDA:280,20,0,0
BRDA:280,20,1,0
BRDA:293,21,0,0
BRDA:293,21,1,0
BRDA:293,22,0,0
BRDA:293,22,1,0
BRDA:304,23,0,0
BRDA:304,23,1,0
BRDA:305,24,0,0
BRDA:305,24,1,0
BRDA:305,24,2,0
BRDA:314,25,0,0
BRDA:314,25,1,0
BRDA:320,26,0,0
BRDA:320,26,1,0
BRDA:321,27,0,0
BRDA:321,27,1,0
BRDA:321,27,2,0
BRDA:339,28,0,0
BRDA:339,28,1,0
BRDA:340,29,0,0
BRDA:340,29,1,0
BRDA:341,30,0,0
BRDA:341,30,1,0
BRDA:341,30,2,0
BRDA:348,31,0,0
BRDA:348,31,1,0
BRDA:349,32,0,0
BRDA:349,32,1,0
BRDA:350,33,0,0
BRDA:350,33,1,0
BRDA:356,34,0,0
BRDA:356,34,1,0
BRDA:357,35,0,0
BRDA:357,35,1,0
BRDA:363,36,0,0
BRDA:363,36,1,0
BRDA:369,37,0,0
BRDA:369,37,1,0
BRDA:370,38,0,0
BRDA:370,38,1,0
BRDA:371,39,0,0
BRDA:371,39,1,0
BRDA:371,39,2,0
BRDA:380,40,0,0
BRDA:380,40,1,0
BRDA:381,41,0,0
BRDA:381,41,1,0
BRDA:382,42,0,0
BRDA:382,42,1,0
BRDA:389,43,0,0
BRDA:389,43,1,0
BRDA:390,44,0,0
BRDA:390,44,1,0
BRDA:409,45,0,0
BRDA:409,45,1,0
BRDA:410,46,0,0
BRDA:410,46,1,0
BRDA:411,47,0,0
BRDA:411,47,1,0
BRDA:411,47,2,0
BRDA:411,47,3,0
BRDA:419,48,0,0
BRDA:419,48,1,0
BRDA:420,49,0,0
BRDA:420,49,1,0
BRDA:421,50,0,0
BRDA:421,50,1,0
BRDA:421,50,2,0
BRDA:428,51,0,0
BRDA:428,51,1,0
BRDA:429,52,0,0
BRDA:429,52,1,0
BRDA:430,53,0,0
BRDA:430,53,1,0
BRDA:438,54,0,0
BRDA:438,54,1,0
BRDA:449,55,0,0
BRDA:449,55,1,0
BRDA:450,56,0,0
BRDA:450,56,1,0
BRDA:451,57,0,0
BRDA:451,57,1,0
BRDA:451,57,2,0
BRDA:451,57,3,0
BRDA:461,58,0,0
BRDA:461,58,1,0
BRDA:462,59,0,0
BRDA:462,59,1,0
BRDA:463,60,0,0
BRDA:463,60,1,0
BRDA:463,60,2,0
BRDA:471,61,0,0
BRDA:471,61,1,0
BRDA:472,62,0,0
BRDA:472,62,1,0
BRDA:473,63,0,0
BRDA:473,63,1,0
BRDA:490,64,0,0
BRDA:490,64,1,0
BRDA:491,65,0,0
BRDA:491,65,1,0
BRDA:491,65,2,0
BRDA:495,66,0,0
BRDA:495,66,1,0
BRDA:506,67,0,0
BRDA:506,67,1,0
BRDA:522,68,0,0
BRDA:522,68,1,0
BRDA:523,69,0,0
BRDA:523,69,1,0
BRDA:523,69,2,0
BRDA:523,69,3,0
BRDA:548,70,0,0
BRDA:548,70,1,0
BRDA:549,71,0,0
BRDA:549,71,1,0
BRDA:571,72,0,0
BRDA:571,72,1,0
BRDA:572,73,0,0
BRDA:572,73,1,0
BRDA:572,73,2,0
BRDA:596,74,0,0
BRDA:596,74,1,0
BRDA:602,75,0,0
BRDA:602,75,1,0
BRDA:603,76,0,0
BRDA:603,76,1,0
BRDA:603,76,2,0
BRDA:603,76,3,0
BRDA:643,77,0,0
BRDA:643,77,1,0
BRDA:654,78,0,0
BRDA:654,78,1,0
BRDA:655,79,0,0
BRDA:655,79,1,0
BRDA:655,79,2,0
BRDA:679,80,0,0
BRDA:679,80,1,0
BRDA:685,81,0,0
BRDA:685,81,1,0
BRDA:712,82,0,0
BRDA:712,82,1,0
BRDA:719,83,0,0
BRDA:719,83,1,0
BRDA:738,84,0,0
BRDA:738,84,1,0
BRDA:739,85,0,0
BRDA:739,85,1,0
BRDA:739,85,2,0
BRDA:739,85,3,0
BRDA:739,85,4,0
BRDA:798,86,0,0
BRDA:798,86,1,0
BRDA:809,87,0,0
BRDA:809,87,1,0
BRDA:829,88,0,0
BRDA:829,88,1,0
BRDA:830,89,0,0
BRDA:830,89,1,0
BRDA:831,90,0,0
BRDA:831,90,1,0
BRDA:831,90,2,0
BRDA:836,91,0,0
BRDA:836,91,1,0
BRDA:854,92,0,0
BRDA:854,92,1,0
BRDA:855,93,0,0
BRDA:855,93,1,0
BRDA:856,94,0,0
BRDA:856,94,1,0
BRDA:860,95,0,0
BRDA:860,95,1,0
BRDA:878,96,0,0
BRDA:878,96,1,0
BRDA:879,97,0,0
BRDA:879,97,1,0
BRDA:880,98,0,0
BRDA:880,98,1,0
BRDA:902,99,0,0
BRDA:902,99,1,0
BRDA:908,100,0,0
BRDA:908,100,1,0
BRDA:909,101,0,0
BRDA:909,101,1,0
BRDA:910,102,0,0
BRDA:910,102,1,0
BRDA:910,102,2,0
BRDA:917,103,0,0
BRDA:917,103,1,0
BRDA:941,104,0,0
BRDA:941,104,1,0
BRDA:942,105,0,0
BRDA:942,105,1,0
BRDA:943,106,0,0
BRDA:943,106,1,0
BRDA:948,107,0,0
BRDA:948,107,1,0
BRDA:972,108,0,0
BRDA:972,108,1,0
BRDA:973,109,0,0
BRDA:973,109,1,0
BRDA:976,110,0,0
BRDA:976,110,1,0
BRDA:1004,111,0,0
BRDA:1004,111,1,0
BRDA:1012,112,0,0
BRDA:1012,112,1,0
BRDA:1012,113,0,0
BRDA:1012,113,1,0
BRDA:1015,114,0,0
BRDA:1015,114,1,0
BRDA:1023,115,0,0
BRDA:1023,115,1,0
BRDA:1023,116,0,0
BRDA:1023,116,1,0
BRDA:1026,117,0,0
BRDA:1026,117,1,0
BRDA:1034,118,0,0
BRDA:1034,118,1,0
BRDA:1034,119,0,0
BRDA:1034,119,1,0
BRDA:1037,120,0,0
BRDA:1037,120,1,0
BRDA:1038,121,0,0
BRDA:1038,121,1,0
BRDA:1038,121,2,0
BRDA:1038,121,3,0
BRDA:1038,121,4,0
BRDA:1052,122,0,0
BRDA:1052,122,1,0
BRDA:1053,123,0,0
BRDA:1053,123,1,0
BRDA:1053,123,2,0
BRDA:1053,123,3,0
BRDA:1061,124,0,0
BRDA:1061,124,1,0
BRDA:1062,125,0,0
BRDA:1062,125,1,0
BRDA:1077,126,0,0
BRDA:1077,126,1,0
BRDA:1084,127,0,0
BRDA:1084,127,1,0
BRDA:1084,128,0,0
BRDA:1084,128,1,0
BRDA:1096,129,0,0
BRDA:1096,129,1,0
BRDA:1112,130,0,0
BRDA:1112,130,1,0
BRDA:1113,131,0,0
BRDA:1113,131,1,0
BRDA:1113,131,2,0
BRDA:1113,131,3,0
BRDA:1113,131,4,0
BRDA:1113,131,5,0
BRDA:1113,131,6,0
BRDA:1113,131,7,0
BRDA:1113,131,8,0
BRDA:1113,131,9,0
BRDA:1113,131,10,0
BRDA:1113,131,11,0
BRDA:1113,131,12,0
BRDA:1113,131,13,0
BRDA:1113,131,14,0
BRDA:1113,131,15,0
BRDA:1113,131,16,0
BRDA:1113,131,17,0
BRDA:1113,131,18,0
BRDA:1113,131,19,0
BRDA:1113,131,20,0
BRDA:1113,131,21,0
BRDA:1113,131,22,0
BRDA:1113,131,23,0
BRDA:1113,131,24,0
BRDA:1113,131,25,0
BRDA:1113,131,26,0
BRDA:1145,132,0,0
BRDA:1145,132,1,0
BRDA:1148,133,0,0
BRDA:1148,133,1,0
BRDA:1149,134,0,0
BRDA:1149,134,1,0
BRDA:1154,135,0,0
BRDA:1154,135,1,0
BRDA:1157,136,0,0
BRDA:1157,136,1,0
BRDA:1160,137,0,0
BRDA:1160,137,1,0
BRDA:1163,138,0,0
BRDA:1163,138,1,0
BRDA:1164,139,0,0
BRDA:1164,139,1,0
BRDA:1169,140,0,0
BRDA:1169,140,1,0
BRDA:1170,141,0,0
BRDA:1170,141,1,0
BRDA:1175,142,0,0
BRDA:1175,142,1,0
BRDA:1176,143,0,0
BRDA:1176,143,1,0
BRDA:1181,144,0,0
BRDA:1181,144,1,0
BRDA:1182,145,0,0
BRDA:1182,145,1,0
BRDA:1187,146,0,0
BRDA:1187,146,1,0
BRDA:1190,147,0,0
BRDA:1190,147,1,0
BRDA:1193,148,0,0
BRDA:1193,148,1,0
BRDA:1196,149,0,0
BRDA:1196,149,1,0
BRDA:1199,150,0,0
BRDA:1199,150,1,0
BRDA:1202,151,0,0
BRDA:1202,151,1,0
BRDA:1205,152,0,0
BRDA:1205,152,1,0
BRDA:1206,153,0,0
BRDA:1206,153,1,0
BRDA:1210,154,0,0
BRDA:1210,154,1,0
BRDA:1211,155,0,0
BRDA:1211,155,1,0
BRDA:1214,156,0,0
BRDA:1214,156,1,0
BRDA:1219,157,0,0
BRDA:1219,157,1,0
BRDA:1233,158,0,0
BRDA:1233,158,1,0
BRDA:1236,159,0,0
BRDA:1236,159,1,0
BRDA:1237,160,0,0
BRDA:1237,160,1,0
BRDA:1240,161,0,0
BRDA:1240,161,1,0
BRDA:1245,162,0,0
BRDA:1245,162,1,0
BRDA:1259,163,0,0
BRDA:1259,163,1,0
BRDA:1262,164,0,0
BRDA:1262,164,1,0
BRDA:1263,165,0,0
BRDA:1263,165,1,0
BRDA:1266,166,0,0
BRDA:1266,166,1,0
BRDA:1271,167,0,0
BRDA:1271,167,1,0
BRDA:1285,168,0,0
BRDA:1285,168,1,0
BRDA:1288,169,0,0
BRDA:1288,169,1,0
BRDA:1289,170,0,0
BRDA:1289,170,1,0
BRDA:1292,171,0,0
BRDA:1292,171,1,0
BRDA:1297,172,0,0
BRDA:1297,172,1,0
BRDA:1311,173,0,0
BRDA:1311,173,1,0
BRDA:1331,174,0,0
BRDA:1331,174,1,0
BRDA:1336,175,0,0
BRDA:1336,175,1,0
BRDA:1344,176,0,0
BRDA:1344,176,1,0
BRDA:1350,177,0,0
BRDA:1350,177,1,0
BRDA:1351,178,0,0
BRDA:1351,178,1,0
BRDA:1364,179,0,0
BRDA:1364,179,1,0
BRDA:1365,180,0,0
BRDA:1365,180,1,0
BRDA:1368,181,0,0
BRDA:1368,181,1,0
BRDA:1369,182,0,0
BRDA:1369,182,1,0
BRDA:1402,183,0,0
BRDA:1402,183,1,0
BRDA:1403,184,0,0
BRDA:1403,184,1,0
BRDA:1403,184,2,0
BRDA:1403,184,3,0
BRDA:1413,185,0,0
BRDA:1413,185,1,0
BRDA:1416,186,0,0
BRDA:1416,186,1,0
BRDA:1453,187,0,0
BRDA:1453,187,1,0
BRDA:1467,188,0,0
BRDA:1467,188,1,0
BRDA:1469,189,0,0
BRDA:1469,189,1,0
BRDA:1471,190,0,0
BRDA:1471,190,1,0
BRDA:1473,191,0,0
BRDA:1473,191,1,0
BRDA:1475,192,0,0
BRDA:1475,192,1,0
BRDA:1482,193,0,0
BRDA:1482,193,1,0
BRDA:1483,194,0,0
BRDA:1483,194,1,0
BRDA:1496,195,0,0
BRDA:1496,195,1,0
BRDA:1497,196,0,0
BRDA:1497,196,1,0
BRDA:1511,197,0,0
BRDA:1511,197,1,0
BRDA:1514,198,0,0
BRDA:1514,198,1,0
BRDA:1523,199,0,0
BRDA:1523,199,1,0
BRDA:1523,200,0,0
BRDA:1523,200,1,0
BRDA:1526,201,0,0
BRDA:1526,201,1,0
BRDA:1526,202,0,0
BRDA:1526,202,1,0
BRF:463
BRH:3
end_of_record
TN:
SF:database.js
FN:52,(anonymous_0)
FN:55,(anonymous_1)
FN:71,(anonymous_2)
FN:134,(anonymous_3)
FNF:4
FNH:3
FNDA:0,(anonymous_0)
FNDA:16,(anonymous_1)
FNDA:174,(anonymous_2)
FNDA:14,(anonymous_3)
DA:1,16
DA:2,16
DA:10,16
DA:11,16
DA:12,16
DA:13,16
DA:14,16
DA:15,16
DA:18,16
DA:19,16
DA:20,16
DA:21,16
DA:22,16
DA:23,16
DA:24,16
DA:25,16
DA:29,16
DA:30,16
DA:31,16
DA:32,16
DA:33,16
DA:34,16
DA:37,16
DA:38,16
DA:39,16
DA:40,16
DA:41,16
DA:42,16
DA:43,16
DA:44,16
DA:45,16
DA:46,16
DA:47,16
DA:49,16
DA:50,16
DA:52,16
DA:53,0
DA:55,16
DA:62,16
DA:67,16
DA:68,16
DA:71,16
DA:72,174
DA:73,16
DA:74,16
DA:75,16
DA:77,16
DA:78,16
DA:79,16
DA:80,16
DA:81,16
DA:82,16
DA:83,16
DA:84,16
DA:85,16
DA:86,16
DA:87,16
DA:88,16
DA:89,16
DA:90,16
DA:91,16
DA:93,16
DA:94,16
DA:95,16
DA:96,16
DA:97,16
DA:98,16
DA:100,16
DA:105,16
DA:106,16
DA:107,16
DA:108,16
DA:110,16
DA:113,16
DA:114,16
DA:115,16
DA:116,16
DA:117,16
DA:119,16
DA:120,16
DA:121,16
DA:128,16
DA:130,174
DA:134,16
DA:135,14
DA:136,14
DA:137,14
DA:141,16
LF:88
LH:87
BRDA:71,0,0,96
BRDA:72,1,0,16
BRDA:72,1,1,158
BRDA:73,2,0,16
BRDA:73,2,1,0
BRDA:135,3,0,14
BRDA:135,3,1,0
BRF:7
BRH:5
end_of_record
TN:
SF:__tests__\fixtures\constants.js
FNF:0
FNH:0
DA:1,16
DA:2,16
DA:3,16
LF:3
LH:3
BRF:0
BRH:0
end_of_record
TN:
SF:__tests__\fixtures\db.js
FN:6,(anonymous_0)
FN:20,(anonymous_1)
FN:26,(anonymous_2)
FNF:3
FNH:2
FNDA:16,(anonymous_0)
FNDA:0,(anonymous_1)
FNDA:16,(anonymous_2)
DA:1,16
DA:2,16
DA:3,16
DA:6,16
DA:7,16
DA:11,16
DA:16,16
DA:17,16
DA:20,16
DA:21,0
DA:22,0
DA:23,0
DA:26,16
DA:32,16
DA:33,16
DA:34,16
LF:16
LH:13
BRF:0
BRH:0
end_of_record
TN:
SF:__tests__\fixtures\faker.js
FN:4,(anonymous_0)
FN:18,(anonymous_1)
FN:23,(anonymous_2)
FN:28,(anonymous_3)
FN:36,(anonymous_4)
FN:45,(anonymous_5)
FN:61,(anonymous_6)
FN:69,(anonymous_7)
FN:85,(anonymous_8)
FN:100,(anonymous_9)
FN:106,(anonymous_10)
FN:111,(anonymous_11)
FN:112,(anonymous_12)
FN:115,(anonymous_13)
FN:116,(anonymous_14)
FN:120,(anonymous_15)
FN:131,(anonymous_16)
FN:139,(anonymous_17)
FNF:18
FNH:10
FNDA:185,(anonymous_0)
FNDA:0,(anonymous_1)
FNDA:0,(anonymous_2)
FNDA:0,(anonymous_3)
FNDA:4,(anonymous_4)
FNDA:5,(anonymous_5)
FNDA:3,(anonymous_6)
FNDA:3,(anonymous_7)
FNDA:42,(anonymous_8)
FNDA:6,(anonymous_9)
FNDA:0,(anonymous_10)
FNDA:0,(anonymous_11)
FNDA:0,(anonymous_12)
FNDA:0,(anonymous_13)
FNDA:0,(anonymous_14)
FNDA:1,(anonymous_15)
FNDA:3,(anonymous_16)
FNDA:5,(anonymous_17)
DA:1,16
DA:2,16
DA:4,185
DA:18,16
DA:23,16
DA:28,16
DA:36,16
DA:45,16
DA:46,5
DA:47,5
DA:48,5
DA:50,5
DA:61,16
DA:69,16
DA:85,42
DA:100,16
DA:106,16
DA:111,0
DA:112,0
DA:115,0
DA:116,0
DA:120,16
DA:131,16
DA:139,16
DA:143,5
DA:161,16
LF:26
LH:22
BRDA:36,0,0,1
BRDA:140,1,0,0
BRDA:141,2,0,4
BRDA:142,3,0,3
BRDA:148,4,0,1
BRDA:148,4,1,4
BRF:6
BRH:5
end_of_record
TN:
SF:__tests__\mock\allcourses.js
FNF:0
FNH:0
DA:1,2
DA:3,2
DA:4,2
DA:5,2
DA:7,2
DA:9,2
LF:6
LH:6
BRF:0
BRH:0
end_of_record
TN:
SF:__tests__\mock\complaintTickets.js
FNF:0
FNH:0
DA:1,1
DA:2,1
DA:4,1
DA:7,1
DA:10,1
DA:13,1
DA:18,1
DA:23,1
DA:25,1
LF:9
LH:9
BRF:0
BRH:0
end_of_record
TN:
SF:__tests__\mock\events.js
FNF:0
FNH:0
DA:1,1
DA:2,1
DA:4,1
DA:5,1
DA:6,1
DA:7,1
DA:8,1
DA:10,1
DA:12,1
LF:9
LH:9
BRF:0
BRH:0
end_of_record
TN:
SF:__tests__\mock\interviews.js
FNF:0
FNH:0
DA:1,1
DA:2,1
DA:3,1
DA:5,1
DA:6,1
DA:7,1
DA:9,1
DA:11,1
LF:8
LH:8
BRF:0
BRH:0
end_of_record
TN:
SF:__tests__\mock\programRequirements.js
FNF:0
FNH:0
DA:1,1
DA:2,1
DA:4,1
DA:5,1
DA:6,1
DA:8,1
DA:10,1
LF:7
LH:7
BRF:0
BRH:0
end_of_record
TN:
SF:__tests__\mock\programs.js
FNF:0
FNH:0
DA:1,8
DA:3,8
DA:4,8
DA:5,8
DA:6,8
DA:7,8
DA:8,8
DA:10,8
LF:8
LH:8
BRF:0
BRH:0
end_of_record
TN:
SF:__tests__\mock\tickets.js
FNF:0
FNH:0
DA:1,1
DA:2,1
DA:3,1
DA:5,1
DA:10,1
DA:15,1
DA:20,1
DA:24,1
DA:26,1
LF:9
LH:9
BRF:0
BRH:0
end_of_record
TN:
SF:__tests__\mock\user.js
FN:11,(anonymous_0)
FNF:1
FNH:1
FNDA:45,(anonymous_0)
DA:1,15
DA:2,15
DA:4,15
DA:5,15
DA:6,15
DA:7,15
DA:8,15
DA:9,15
DA:10,15
DA:11,45
DA:12,15
DA:13,15
DA:14,15
DA:15,15
DA:25,15
LF:15
LH:15
BRF:0
BRH:0
end_of_record
TN:
SF:aws\constants.js
FNF:0
FNH:0
DA:8,16
DA:11,16
DA:14,16
DA:16,16
DA:26,16
LF:5
LH:5
BRDA:16,0,0,0
BRDA:16,0,1,16
BRF:2
BRH:1
end_of_record
TN:
SF:aws\index.js
FN:11,(anonymous_0)
FNF:1
FNH:0
FNDA:0,(anonymous_0)
DA:1,16
DA:2,16
DA:3,16
DA:5,16
DA:6,16
DA:7,16
DA:8,16
DA:9,16
DA:11,16
DA:18,0
DA:19,0
DA:30,0
DA:31,0
DA:45,0
DA:53,0
DA:55,0
DA:56,0
DA:60,16
LF:18
LH:10
BRDA:15,0,0,0
BRDA:16,1,0,0
BRDA:38,2,0,0
BRDA:38,2,1,0
BRDA:42,3,0,0
BRDA:42,3,1,0
BRF:6
BRH:0
end_of_record
TN:
SF:aws\s3.js
FN:18,(anonymous_0)
FN:48,(anonymous_1)
FN:73,(anonymous_2)
FN:109,(anonymous_3)
FN:120,(anonymous_4)
FN:131,(anonymous_5)
FN:150,(anonymous_6)
FN:177,uploadJsonToS3
FNF:8
FNH:1
FNDA:0,(anonymous_0)
FNDA:0,(anonymous_1)
FNDA:0,(anonymous_2)
FNDA:0,(anonymous_3)
FNDA:0,(anonymous_4)
FNDA:0,(anonymous_5)
FNDA:1,(anonymous_6)
FNDA:0,uploadJsonToS3
DA:11,16
DA:13,16
DA:14,16
DA:16,16
DA:18,16
DA:19,0
DA:20,0
DA:27,0
DA:28,0
DA:30,0
DA:34,0
DA:39,0
DA:40,0
DA:44,0
DA:48,16
DA:49,0
DA:50,0
DA:56,0
DA:57,0
DA:59,0
DA:60,0
DA:63,0
DA:64,0
DA:68,0
DA:73,16
DA:74,0
DA:75,0
DA:81,0
DA:87,0
DA:91,0
DA:95,0
DA:98,0
DA:99,0
DA:103,0
DA:109,16
DA:110,0
DA:111,0
DA:119,0
DA:121,0
DA:128,0
DA:131,0
DA:133,0
DA:137,0
DA:140,0
DA:141,0
DA:145,0
DA:150,16
DA:151,1
DA:152,1
DA:157,1
DA:158,0
DA:160,0
DA:164,0
DA:167,0
DA:168,0
DA:172,0
DA:178,0
DA:180,0
DA:183,0
DA:189,0
DA:191,0
DA:192,0
DA:196,16
LF:63
LH:13
BRDA:30,0,0,0
BRDA:30,0,1,0
BRDA:31,1,0,0
BRDA:31,1,1,0
BRDA:39,2,0,0
BRDA:39,2,1,0
BRDA:59,3,0,0
BRDA:59,3,1,0
BRDA:63,4,0,0
BRDA:63,4,1,0
BRDA:91,5,0,0
BRDA:91,5,1,0
BRDA:92,6,0,0
BRDA:92,6,1,0
BRDA:98,7,0,0
BRDA:98,7,1,0
BRDA:133,8,0,0
BRDA:133,8,1,0
BRDA:134,9,0,0
BRDA:134,9,1,0
BRDA:140,10,0,0
BRDA:140,10,1,0
BRDA:160,11,0,0
BRDA:160,11,1,0
BRDA:161,12,0,0
BRDA:161,12,1,0
BRDA:167,13,0,0
BRDA:167,13,1,0
BRF:28
BRH:0
end_of_record
TN:
SF:aws\ses.js
FNF:0
FNH:0
DA:1,16
DA:3,16
DA:5,16
DA:9,16
DA:13,16
LF:5
LH:5
BRF:0
BRH:0
end_of_record
TN:
SF:aws\sts.js
FN:8,(anonymous_0)
FNF:1
FNH:0
FNDA:0,(anonymous_0)
DA:1,16
DA:3,16
DA:4,16
DA:6,16
DA:8,16
DA:9,0
DA:13,0
DA:23,0
DA:24,0
DA:25,0
DA:27,0
DA:31,16
LF:12
LH:6
BRF:0
BRH:0
end_of_record
TN:
SF:cache\node-cache.js
FNF:0
FNH:0
DA:1,18
DA:4,18
DA:10,18
DA:16,18
DA:21,18
DA:26,18
DA:31,18
LF:7
LH:7
BRF:0
BRH:0
end_of_record
TN:
SF:common\errors.js
FN:2,(anonymous_0)
FNF:1
FNH:1
FNDA:12,(anonymous_0)
DA:3,12
DA:4,12
DA:8,20
LF:3
LH:3
BRF:0
BRH:0
end_of_record
TN:
SF:common\validation.js
FN:6,(anonymous_0)
FN:7,(anonymous_1)
FN:8,(anonymous_2)
FN:14,(anonymous_3)
FN:42,(anonymous_4)
FNF:5
FNH:1
FNDA:0,(anonymous_0)
FNDA:0,(anonymous_1)
FNDA:0,(anonymous_2)
FNDA:0,(anonymous_3)
FNDA:19,(anonymous_4)
DA:1,16
DA:2,16
DA:3,16
DA:6,16
DA:7,0
DA:8,0
DA:10,0
DA:11,0
DA:14,16
DA:17,16
DA:22,16
DA:27,16
DA:31,16
DA:36,16
DA:38,16
DA:42,16
DA:43,19
DA:44,19
DA:45,0
DA:47,19
DA:51,16
DA:58,16
DA:65,16
LF:23
LH:18
BRDA:11,0,0,0
BRDA:11,0,1,0
BRDA:44,1,0,0
BRDA:44,1,1,19
BRF:4
BRH:1
end_of_record
TN:
SF:constants\common.js
FNF:0
FNH:0
DA:1,16
DA:2,16
DA:3,16
DA:4,16
DA:6,16
DA:8,16
DA:9,16
DA:11,16
DA:13,16
LF:9
LH:9
BRF:0
BRH:0
end_of_record
TN:
SF:constants\email.js
FNF:0
FNH:0
DA:1,16
DA:3,16
DA:4,16
DA:7,16
DA:8,16
DA:10,16
LF:6
LH:6
BRDA:4,0,0,0
BRDA:4,0,1,16
BRF:2
BRH:1
end_of_record
TN:
SF:controllers\account.js
FN:15,(anonymous_0)
FN:42,(anonymous_1)
FN:58,(anonymous_2)
FN:92,(anonymous_3)
FN:99,(anonymous_4)
FN:130,(anonymous_5)
FN:157,(anonymous_6)
FN:219,(anonymous_7)
FN:263,(anonymous_8)
FN:265,(anonymous_9)
FN:296,(anonymous_10)
FN:315,(anonymous_11)
FN:344,(anonymous_12)
FNF:13
FNH:11
FNDA:2,(anonymous_0)
FNDA:0,(anonymous_1)
FNDA:1,(anonymous_2)
FNDA:10,(anonymous_3)
FNDA:40,(anonymous_4)
FNDA:5,(anonymous_5)
FNDA:2,(anonymous_6)
FNDA:1,(anonymous_7)
FNDA:4,(anonymous_8)
FNDA:6,(anonymous_9)
FNDA:4,(anonymous_10)
FNDA:0,(anonymous_11)
FNDA:1,(anonymous_12)
DA:7,16
DA:9,16
DA:10,16
DA:11,16
DA:12,16
DA:15,16
DA:19,2
DA:20,2
DA:21,2
DA:22,1
DA:23,1
DA:26,1
DA:27,1
DA:28,1
DA:31,1
DA:39,1
DA:42,16
DA:46,0
DA:47,0
DA:51,0
DA:54,0
DA:58,16
DA:62,1
DA:63,1
DA:66,1
DA:67,1
DA:69,0
DA:71,1
DA:72,1
DA:73,1
DA:85,1
DA:92,1
DA:98,10
DA:99,40
DA:101,10
DA:102,9
DA:103,9
DA:104,9
DA:105,9
DA:106,9
DA:107,9
DA:108,1
DA:114,0
DA:120,1
DA:125,1
DA:127,0
DA:130,1
DA:131,5
DA:142,1
DA:149,1
DA:151,0
DA:153,1
DA:157,1
DA:158,2
DA:167,1
DA:172,1
DA:180,1
DA:184,1
DA:192,1
DA:196,1
DA:203,1
DA:206,1
DA:211,1
DA:213,0
DA:214,0
DA:219,16
DA:223,1
DA:224,1
DA:227,1
DA:228,1
DA:230,0
DA:233,1
DA:235,1
DA:243,1
DA:263,1
DA:264,4
DA:265,6
DA:268,4
DA:269,0
DA:270,0
DA:277,0
DA:278,0
DA:279,0
DA:281,4
DA:282,4
DA:289,4
DA:290,0
DA:291,0
DA:296,1
DA:297,4
DA:303,1
DA:305,1
DA:310,1
DA:314,16
DA:319,0
DA:320,0
DA:322,0
DA:323,0
DA:325,0
DA:327,0
DA:328,0
DA:335,0
DA:339,0
DA:344,16
DA:348,1
DA:349,1
DA:350,1
DA:356,1
DA:368,1
DA:370,0
DA:374,16
LF:111
LH:83
BRDA:21,0,0,1
BRDA:21,0,1,1
BRDA:66,1,0,1
BRDA:66,1,1,0
BRDA:66,2,0,1
BRDA:66,2,1,0
BRDA:101,3,0,9
BRDA:101,3,1,1
BRDA:108,4,0,0
BRDA:108,4,1,1
BRDA:110,5,0,1
BRDA:110,5,1,0
BRDA:120,6,0,1
BRDA:120,6,1,0
BRDA:121,7,0,1
BRDA:121,7,1,1
BRDA:142,8,0,1
BRDA:142,8,1,0
BRDA:143,9,0,1
BRDA:143,9,1,1
BRDA:143,9,2,0
BRDA:143,9,3,0
BRDA:167,10,0,0
BRDA:167,10,1,1
BRDA:180,11,0,0
BRDA:180,11,1,1
BRDA:192,12,0,0
BRDA:192,12,1,1
BRDA:227,13,0,1
BRDA:227,13,1,0
BRDA:227,14,0,1
BRDA:227,14,1,0
BRDA:268,15,0,0
BRDA:268,15,1,4
BRDA:269,16,0,0
BRDA:269,16,1,0
BRDA:278,17,0,0
BRDA:278,17,1,0
BRDA:281,18,0,4
BRDA:281,18,1,0
BRDA:290,19,0,0
BRDA:290,19,1,0
BRDA:322,20,0,0
BRDA:322,20,1,0
BRDA:322,21,0,0
BRDA:322,21,1,0
BRF:46
BRH:21
end_of_record
TN:
SF:controllers\admissions.js
FN:8,(anonymous_0)
FN:84,(anonymous_1)
FN:171,(anonymous_2)
FN:207,(anonymous_3)
FNF:4
FNH:0
FNDA:0,(anonymous_0)
FNDA:0,(anonymous_1)
FNDA:0,(anonymous_2)
FNDA:0,(anonymous_3)
DA:1,16
DA:2,16
DA:3,16
DA:4,16
DA:5,16
DA:6,16
DA:8,16
DA:9,0
DA:10,0
DA:76,0
DA:78,0
DA:79,0
DA:84,16
DA:85,0
DA:164,0
DA:171,16
DA:174,0
DA:178,0
DA:179,0
DA:180,0
DA:181,0
DA:182,0
DA:183,0
DA:184,0
DA:185,0
DA:186,0
DA:188,0
DA:189,0
DA:193,0
DA:194,0
DA:196,0
DA:197,0
DA:198,0
DA:202,0
DA:203,0
DA:207,16
DA:208,0
DA:209,0
DA:212,0
DA:215,16
LF:40
LH:11
BRDA:182,0,0,0
BRDA:182,0,1,0
BRDA:185,1,0,0
BRDA:185,1,1,0
BRF:4
BRH:0
end_of_record
TN:
SF:controllers\allcourses.js
FN:4,(anonymous_0)
FN:13,(anonymous_1)
FN:30,(anonymous_2)
FN:46,(anonymous_3)
FN:88,(anonymous_4)
FNF:5
FNH:5
FNDA:1,(anonymous_0)
FNDA:1,(anonymous_1)
FNDA:1,(anonymous_2)
FNDA:1,(anonymous_3)
FNDA:1,(anonymous_4)
DA:1,16
DA:2,16
DA:4,16
DA:5,1
DA:10,1
DA:13,16
DA:14,1
DA:16,1
DA:21,1
DA:22,0
DA:27,1
DA:30,16
DA:31,1
DA:33,1
DA:35,1
DA:36,0
DA:41,1
DA:46,16
DA:47,1
DA:48,1
DA:49,1
DA:52,1
DA:53,0
DA:59,1
DA:61,1
DA:62,1
DA:67,1
DA:68,0
DA:74,1
DA:80,0
DA:88,16
DA:89,1
DA:91,1
DA:92,0
DA:98,1
DA:99,1
DA:101,1
DA:107,0
DA:115,16
LF:39
LH:32
BRDA:21,0,0,0
BRDA:21,0,1,1
BRDA:35,1,0,0
BRDA:35,1,1,1
BRDA:52,2,0,0
BRDA:52,2,1,1
BRDA:52,3,0,1
BRDA:52,3,1,1
BRDA:67,4,0,0
BRDA:67,4,1,1
BRDA:91,5,0,0
BRDA:91,5,1,1
BRDA:91,6,0,1
BRDA:91,6,1,1
BRF:14
BRH:9
end_of_record
TN:
SF:controllers\auth.js
FN:24,(anonymous_0)
FN:29,(anonymous_1)
FN:31,(anonymous_2)
FN:34,(anonymous_3)
FN:74,(anonymous_4)
FN:83,(anonymous_5)
FN:90,(anonymous_6)
FN:101,(anonymous_7)
FN:156,(anonymous_8)
FN:187,(anonymous_9)
FN:212,(anonymous_10)
FNF:11
FNH:2
FNDA:1,(anonymous_0)
FNDA:0,(anonymous_1)
FNDA:0,(anonymous_2)
FNDA:0,(anonymous_3)
FNDA:1,(anonymous_4)
FNDA:0,(anonymous_5)
FNDA:0,(anonymous_6)
FNDA:0,(anonymous_7)
FNDA:0,(anonymous_8)
FNDA:0,(anonymous_9)
FNDA:0,(anonymous_10)
DA:1,16
DA:2,16
DA:4,16
DA:5,16
DA:6,16
DA:15,16
DA:16,16
DA:22,16
DA:24,16
DA:25,1
DA:26,1
DA:29,16
DA:31,16
DA:32,0
DA:34,16
DA:35,0
DA:42,0
DA:44,0
DA:45,0
DA:46,0
DA:47,0
DA:54,0
DA:58,0
DA:59,0
DA:63,0
DA:68,0
DA:74,16
DA:75,1
DA:76,1
DA:77,1
DA:83,16
DA:84,0
DA:90,16
DA:91,0
DA:92,0
DA:93,0
DA:94,0
DA:101,16
DA:102,0
DA:104,0
DA:106,0
DA:109,0
DA:110,0
DA:111,0
DA:114,0
DA:115,0
DA:116,0
DA:117,0
DA:120,0
DA:121,0
DA:122,0
DA:125,0
DA:133,0
DA:134,0
DA:135,0
DA:144,0
DA:156,16
DA:157,0
DA:159,0
DA:161,0
DA:162,0
DA:163,0
DA:164,0
DA:167,0
DA:168,0
DA:169,0
DA:172,0
DA:173,0
DA:178,0
DA:183,0
DA:187,16
DA:188,0
DA:190,0
DA:192,0
DA:193,0
DA:194,0
DA:195,0
DA:198,0
DA:199,0
DA:203,0
DA:208,0
DA:212,16
DA:213,0
DA:215,0
DA:217,0
DA:220,0
DA:221,0
DA:222,0
DA:225,0
DA:226,0
DA:227,0
DA:228,0
DA:231,0
DA:232,0
DA:234,0
DA:239,0
DA:241,0
DA:244,16
LF:98
LH:25
BRDA:45,0,0,0
BRDA:45,0,1,0
BRDA:109,1,0,0
BRDA:109,1,1,0
BRDA:115,2,0,0
BRDA:115,2,1,0
BRDA:120,3,0,0
BRDA:120,3,1,0
BRDA:162,4,0,0
BRDA:162,4,1,0
BRDA:167,5,0,0
BRDA:167,5,1,0
BRDA:193,6,0,0
BRDA:193,6,1,0
BRDA:220,7,0,0
BRDA:220,7,1,0
BRDA:226,8,0,0
BRDA:226,8,1,0
BRF:18
BRH:0
end_of_record
TN:
SF:controllers\communications.js
FN:28,(anonymous_0)
FN:78,(anonymous_1)
FN:80,(anonymous_2)
FN:104,(anonymous_3)
FN:106,(anonymous_4)
FN:117,(anonymous_5)
FN:157,(anonymous_6)
FN:159,(anonymous_7)
FN:182,(anonymous_8)
FN:184,(anonymous_9)
FN:194,(anonymous_10)
FN:230,(anonymous_11)
FN:273,(anonymous_12)
FN:310,(anonymous_13)
FN:336,(anonymous_14)
FN:386,(anonymous_15)
FN:432,(anonymous_16)
FN:472,(anonymous_17)
FN:507,(anonymous_18)
FN:530,(anonymous_19)
FN:554,(anonymous_20)
FN:609,(anonymous_21)
FN:689,(anonymous_22)
FN:716,(anonymous_23)
FN:723,(anonymous_24)
FN:728,(anonymous_25)
FN:732,(anonymous_26)
FN:733,(anonymous_27)
FN:756,(anonymous_28)
FNF:29
FNH:6
FNDA:0,(anonymous_0)
FNDA:0,(anonymous_1)
FNDA:0,(anonymous_2)
FNDA:0,(anonymous_3)
FNDA:0,(anonymous_4)
FNDA:0,(anonymous_5)
FNDA:0,(anonymous_6)
FNDA:0,(anonymous_7)
FNDA:0,(anonymous_8)
FNDA:0,(anonymous_9)
FNDA:1,(anonymous_10)
FNDA:6,(anonymous_11)
FNDA:0,(anonymous_12)
FNDA:0,(anonymous_13)
FNDA:0,(anonymous_14)
FNDA:0,(anonymous_15)
FNDA:1,(anonymous_16)
FNDA:1,(anonymous_17)
FNDA:0,(anonymous_18)
FNDA:0,(anonymous_19)
FNDA:1,(anonymous_20)
FNDA:0,(anonymous_21)
FNDA:1,(anonymous_22)
FNDA:0,(anonymous_23)
FNDA:0,(anonymous_24)
FNDA:0,(anonymous_25)
FNDA:0,(anonymous_26)
FNDA:0,(anonymous_27)
FNDA:0,(anonymous_28)
DA:1,16
DA:2,16
DA:7,16
DA:8,16
DA:10,16
DA:11,16
DA:15,16
DA:16,16
DA:17,16
DA:18,16
DA:19,16
DA:20,16
DA:21,16
DA:22,16
DA:23,16
DA:25,16
DA:28,16
DA:29,0
DA:32,0
DA:60,0
DA:61,0
DA:65,0
DA:78,0
DA:79,0
DA:80,0
DA:82,0
DA:85,0
DA:89,0
DA:104,0
DA:105,0
DA:106,0
DA:108,0
DA:111,0
DA:115,0
DA:117,16
DA:118,0
DA:121,0
DA:148,0
DA:149,0
DA:157,0
DA:158,0
DA:159,0
DA:161,0
DA:164,0
DA:168,0
DA:182,0
DA:183,0
DA:184,0
DA:186,0
DA:189,0
DA:194,16
DA:195,1
DA:196,1
DA:197,0
DA:204,0
DA:209,1
DA:214,0
DA:215,0
DA:217,1
DA:218,1
DA:222,1
DA:230,6
DA:231,1
DA:260,1
DA:265,0
DA:273,0
DA:274,0
DA:303,0
DA:310,16
DA:311,0
DA:313,0
DA:318,0
DA:319,0
DA:322,0
DA:324,0
DA:328,0
DA:336,0
DA:337,0
DA:370,0
DA:378,0
DA:386,0
DA:387,0
DA:420,0
DA:429,0
DA:432,16
DA:435,1
DA:437,1
DA:444,1
DA:445,0
DA:446,0
DA:448,1
DA:449,1
DA:464,1
DA:469,1
DA:472,16
DA:476,1
DA:478,1
DA:485,1
DA:486,0
DA:487,0
DA:489,1
DA:501,1
DA:502,1
DA:503,1
DA:506,1
DA:507,0
DA:510,1
DA:511,1
DA:514,1
DA:518,1
DA:519,1
DA:522,1
DA:527,1
DA:530,16
DA:533,0
DA:535,0
DA:537,0
DA:538,0
DA:539,0
DA:540,0
DA:541,0
DA:542,0
DA:543,0
DA:545,0
DA:546,0
DA:548,0
DA:549,0
DA:550,0
DA:554,16
DA:558,1
DA:559,1
DA:561,1
DA:562,0
DA:571,0
DA:572,0
DA:573,0
DA:574,0
DA:575,0
DA:579,0
DA:580,0
DA:583,0
DA:584,0
DA:585,0
DA:592,1
DA:593,1
DA:595,0
DA:596,0
DA:598,1
DA:599,1
DA:600,0
DA:601,0
DA:602,0
DA:603,0
DA:608,0
DA:609,0
DA:611,0
DA:612,0
DA:613,0
DA:614,0
DA:621,1
DA:623,1
DA:633,1
DA:634,1
DA:642,1
DA:644,1
DA:650,1
DA:651,0
DA:653,0
DA:654,0
DA:656,0
DA:672,1
DA:685,1
DA:689,16
DA:692,1
DA:693,1
DA:694,1
DA:695,1
DA:702,1
DA:703,0
DA:704,0
DA:706,1
DA:708,0
DA:709,0
DA:711,1
DA:715,16
DA:719,0
DA:720,0
DA:723,0
DA:724,0
DA:727,0
DA:728,0
DA:729,0
DA:732,0
DA:733,0
DA:739,0
DA:740,0
DA:741,0
DA:745,0
DA:746,0
DA:747,0
DA:748,0
DA:750,0
DA:751,0
DA:756,16
DA:760,0
DA:762,0
DA:763,0
DA:773,0
DA:776,0
DA:779,0
DA:780,0
DA:781,0
DA:784,16
LF:213
LH:82
BRDA:61,0,0,0
BRDA:61,0,1,0
BRDA:62,1,0,0
BRDA:62,1,1,0
BRDA:62,1,2,0
BRDA:148,2,0,0
BRDA:148,2,1,0
BRDA:196,3,0,0
BRDA:196,3,1,1
BRDA:206,4,0,0
BRDA:206,4,1,0
BRDA:209,5,0,0
BRDA:209,5,1,1
BRDA:210,6,0,1
BRDA:210,6,1,0
BRDA:210,6,2,0
BRDA:218,7,0,1
BRDA:218,7,1,0
BRDA:219,8,0,1
BRDA:219,8,1,0
BRDA:219,8,2,0
BRDA:313,9,0,0
BRDA:313,9,1,0
BRDA:314,10,0,0
BRDA:314,10,1,0
BRDA:314,10,2,0
BRDA:324,11,0,0
BRDA:324,11,1,0
BRDA:325,12,0,0
BRDA:325,12,1,0
BRDA:325,12,2,0
BRDA:444,13,0,0
BRDA:444,13,1,1
BRDA:485,14,0,0
BRDA:485,14,1,1
BRDA:501,15,0,1
BRDA:501,15,1,0
BRDA:510,16,0,1
BRDA:510,16,1,0
BRDA:539,17,0,0
BRDA:539,17,1,0
BRDA:542,18,0,0
BRDA:542,18,1,0
BRDA:561,19,0,0
BRDA:561,19,1,1
BRDA:571,20,0,0
BRDA:571,20,1,0
BRDA:574,21,0,0
BRDA:574,21,1,0
BRDA:576,22,0,0
BRDA:576,22,1,0
BRDA:583,23,0,0
BRDA:583,23,1,0
BRDA:599,24,0,0
BRDA:599,24,1,1
BRDA:612,25,0,0
BRDA:612,25,1,0
BRDA:650,26,0,0
BRDA:650,26,1,1
BRDA:653,27,0,0
BRDA:653,27,1,0
BRDA:654,28,0,0
BRDA:654,28,1,0
BRDA:702,29,0,0
BRDA:702,29,1,1
BRDA:728,30,0,0
BRDA:728,30,1,0
BRDA:739,31,0,0
BRDA:739,31,1,0
BRF:69
BRH:13
end_of_record
TN:
SF:controllers\complaints.js
FN:21,(anonymous_0)
FN:35,(anonymous_1)
FN:64,(anonymous_2)
FN:79,(anonymous_3)
FN:90,(anonymous_4)
FN:127,(anonymous_5)
FN:154,(anonymous_6)
FN:196,(anonymous_7)
FN:242,(anonymous_8)
FN:268,(anonymous_9)
FN:314,(anonymous_10)
FN:329,(anonymous_11)
FN:352,(anonymous_12)
FN:366,(anonymous_13)
FN:391,(anonymous_14)
FN:400,(anonymous_15)
FNF:16
FNH:10
FNDA:2,(anonymous_0)
FNDA:1,(anonymous_1)
FNDA:1,(anonymous_2)
FNDA:1,(anonymous_3)
FNDA:0,(anonymous_4)
FNDA:0,(anonymous_5)
FNDA:1,(anonymous_6)
FNDA:0,(anonymous_7)
FNDA:0,(anonymous_8)
FNDA:1,(anonymous_9)
FNDA:1,(anonymous_10)
FNDA:1,(anonymous_11)
FNDA:0,(anonymous_12)
FNDA:0,(anonymous_13)
FNDA:1,(anonymous_14)
FNDA:1,(anonymous_15)
DA:1,16
DA:2,16
DA:4,16
DA:5,16
DA:6,16
DA:7,16
DA:14,16
DA:15,16
DA:16,16
DA:17,16
DA:18,16
DA:19,16
DA:21,16
DA:22,2
DA:35,16
DA:36,1
DA:38,1
DA:39,1
DA:40,1
DA:44,1
DA:45,0
DA:47,1
DA:48,1
DA:53,1
DA:55,0
DA:60,0
DA:64,16
DA:65,1
DA:67,1
DA:72,1
DA:73,0
DA:74,0
DA:76,1
DA:79,16
DA:80,1
DA:81,1
DA:82,1
DA:84,1
DA:86,1
DA:89,1
DA:90,1
DA:91,1
DA:92,0
DA:93,0
DA:110,1
DA:111,1
DA:127,16
DA:130,0
DA:132,0
DA:133,0
DA:136,0
DA:137,0
DA:138,0
DA:139,0
DA:140,0
DA:141,0
DA:142,0
DA:144,0
DA:145,0
DA:148,0
DA:149,0
DA:150,0
DA:154,16
DA:158,1
DA:159,1
DA:160,1
DA:164,1
DA:165,0
DA:166,0
DA:169,1
DA:170,0
DA:171,0
DA:173,1
DA:174,1
DA:176,0
DA:177,0
DA:180,1
DA:181,1
DA:182,0
DA:183,0
DA:186,1
DA:187,1
DA:188,0
DA:189,0
DA:190,0
DA:195,0
DA:196,0
DA:198,0
DA:199,0
DA:200,0
DA:201,0
DA:209,1
DA:216,1
DA:217,1
DA:218,1
DA:219,1
DA:224,1
DA:226,1
DA:231,1
DA:238,1
DA:240,1
DA:241,1
DA:242,1
DA:243,1
DA:244,0
DA:245,0
DA:250,0
DA:254,1
DA:258,0
DA:259,0
DA:264,0
DA:268,16
DA:269,1
DA:270,1
DA:271,1
DA:273,1
DA:275,1
DA:282,1
DA:283,0
DA:284,0
DA:287,1
DA:290,1
DA:292,0
DA:293,0
DA:294,0
DA:295,0
DA:297,0
DA:298,0
DA:314,16
DA:315,1
DA:316,1
DA:317,1
DA:319,1
DA:320,1
DA:321,0
DA:322,0
DA:324,1
DA:325,0
DA:326,0
DA:328,1
DA:329,1
DA:332,1
DA:333,0
DA:334,0
DA:337,1
DA:338,0
DA:341,0
DA:345,1
DA:349,1
DA:352,16
DA:353,0
DA:354,0
DA:356,0
DA:357,0
DA:358,0
DA:359,0
DA:361,0
DA:362,0
DA:363,0
DA:365,0
DA:366,0
DA:369,0
DA:370,0
DA:371,0
DA:374,0
DA:375,0
DA:378,0
DA:382,0
DA:388,0
DA:391,16
DA:393,1
DA:394,1
DA:395,1
DA:397,1
DA:400,16
DA:401,1
DA:402,1
DA:403,1
DA:404,1
DA:410,1
DA:413,16
LF:181
LH:101
BRDA:40,0,0,0
BRDA:40,0,1,1
BRDA:44,1,0,0
BRDA:44,1,1,1
BRDA:47,2,0,1
BRDA:47,2,1,0
BRDA:72,3,0,0
BRDA:72,3,1,1
BRDA:92,4,0,0
BRDA:92,4,1,0
BRDA:110,5,0,1
BRDA:110,5,1,0
BRDA:138,6,0,0
BRDA:138,6,1,0
BRDA:141,7,0,0
BRDA:141,7,1,0
BRDA:164,8,0,0
BRDA:164,8,1,1
BRDA:169,9,0,0
BRDA:169,9,1,1
BRDA:180,10,0,1
BRDA:180,10,1,0
BRDA:181,11,0,0
BRDA:181,11,1,1
BRDA:187,12,0,0
BRDA:187,12,1,1
BRDA:199,13,0,0
BRDA:199,13,1,0
BRDA:238,14,0,1
BRDA:238,14,1,0
BRDA:240,15,0,1
BRDA:240,15,1,0
BRDA:244,16,0,0
BRDA:244,16,1,0
BRDA:258,17,0,0
BRDA:258,17,1,0
BRDA:282,18,0,0
BRDA:282,18,1,1
BRDA:290,19,0,0
BRDA:290,19,1,1
BRDA:297,20,0,0
BRDA:297,20,1,0
BRDA:320,21,0,0
BRDA:320,21,1,1
BRDA:324,22,0,0
BRDA:324,22,1,1
BRDA:332,23,0,0
BRDA:332,23,1,1
BRDA:337,24,0,0
BRDA:337,24,1,1
BRDA:357,25,0,0
BRDA:357,25,1,0
BRDA:361,26,0,0
BRDA:361,26,1,0
BRDA:369,27,0,0
BRDA:369,27,1,0
BRDA:374,28,0,0
BRDA:374,28,1,0
BRF:58
BRH:18
end_of_record
TN:
SF:controllers\course.js
FN:24,(anonymous_0)
FN:61,(anonymous_1)
FN:107,(anonymous_2)
FN:148,(anonymous_3)
FN:151,(anonymous_4)
FN:157,(anonymous_5)
FN:204,(anonymous_6)
FN:283,(anonymous_7)
FN:350,(anonymous_8)
FN:400,(anonymous_9)
FN:464,(anonymous_10)
FNF:11
FNH:3
FNDA:1,(anonymous_0)
FNDA:1,(anonymous_1)
FNDA:0,(anonymous_2)
FNDA:0,(anonymous_3)
FNDA:0,(anonymous_4)
FNDA:0,(anonymous_5)
FNDA:0,(anonymous_6)
FNDA:0,(anonymous_7)
FNDA:0,(anonymous_8)
FNDA:0,(anonymous_9)
FNDA:1,(anonymous_10)
DA:1,16
DA:2,16
DA:3,16
DA:4,16
DA:5,16
DA:7,16
DA:8,16
DA:9,16
DA:13,16
DA:14,16
DA:15,16
DA:16,16
DA:17,16
DA:18,16
DA:22,16
DA:24,16
DA:25,1
DA:26,1
DA:27,1
DA:28,0
DA:29,0
DA:31,1
DA:38,1
DA:39,0
DA:58,1
DA:61,16
DA:62,1
DA:63,1
DA:64,1
DA:65,1
DA:67,1
DA:68,1
DA:71,1
DA:78,1
DA:79,1
DA:81,1
DA:87,1
DA:88,0
DA:89,0
DA:107,16
DA:110,0
DA:111,0
DA:115,0
DA:116,0
DA:117,0
DA:119,0
DA:120,0
DA:124,0
DA:126,0
DA:127,0
DA:128,0
DA:129,0
DA:148,0
DA:149,0
DA:151,0
DA:152,0
DA:153,0
DA:154,0
DA:157,0
DA:158,0
DA:159,0
DA:160,0
DA:164,0
DA:165,0
DA:167,0
DA:168,0
DA:169,0
DA:170,0
DA:171,0
DA:173,0
DA:174,0
DA:177,0
DA:182,0
DA:188,0
DA:189,0
DA:200,0
DA:204,16
DA:207,0
DA:208,0
DA:212,0
DA:213,0
DA:214,0
DA:216,0
DA:217,0
DA:222,0
DA:223,0
DA:224,0
DA:225,0
DA:236,0
DA:237,0
DA:241,0
DA:242,0
DA:244,0
DA:248,0
DA:250,0
DA:251,0
DA:252,0
DA:254,0
DA:257,0
DA:258,0
DA:262,0
DA:268,0
DA:269,0
DA:280,0
DA:283,16
DA:287,0
DA:289,0
DA:290,0
DA:294,0
DA:298,0
DA:299,0
DA:300,0
DA:302,0
DA:303,0
DA:307,0
DA:308,0
DA:309,0
DA:317,0
DA:319,0
DA:325,0
DA:326,0
DA:330,0
DA:331,0
DA:333,0
DA:335,0
DA:336,0
DA:337,0
DA:340,0
DA:342,0
DA:343,0
DA:346,0
DA:350,16
DA:354,0
DA:357,0
DA:358,0
DA:361,0
DA:362,0
DA:363,0
DA:366,0
DA:367,0
DA:368,0
DA:371,0
DA:373,0
DA:375,0
DA:379,0
DA:381,0
DA:388,0
DA:389,0
DA:390,0
DA:400,16
DA:403,0
DA:405,0
DA:414,0
DA:415,0
DA:416,0
DA:419,0
DA:420,0
DA:421,0
DA:424,0
DA:425,0
DA:426,0
DA:428,0
DA:429,0
DA:430,0
DA:431,0
DA:432,0
DA:433,0
DA:434,0
DA:438,0
DA:439,0
DA:444,0
DA:450,0
DA:452,0
DA:453,0
DA:454,0
DA:460,0
DA:464,16
DA:465,1
DA:466,1
DA:469,1
DA:470,0
DA:472,1
DA:473,1
DA:474,1
DA:476,0
DA:477,0
DA:481,16
LF:187
LH:47
BRDA:27,0,0,0
BRDA:27,0,1,1
BRDA:38,1,0,0
BRDA:38,1,1,1
BRDA:67,2,0,1
BRDA:67,2,1,0
BRDA:79,3,0,1
BRDA:79,3,1,0
BRDA:88,4,0,0
BRDA:88,4,1,0
BRDA:115,5,0,0
BRDA:115,5,1,0
BRDA:128,6,0,0
BRDA:128,6,1,0
BRDA:158,7,0,0
BRDA:158,7,1,0
BRDA:170,8,0,0
BRDA:170,8,1,0
BRDA:188,9,0,0
BRDA:188,9,1,0
BRDA:212,10,0,0
BRDA:212,10,1,0
BRDA:251,11,0,0
BRDA:251,11,1,0
BRDA:268,12,0,0
BRDA:268,12,1,0
BRDA:298,13,0,0
BRDA:298,13,1,0
BRDA:336,14,0,0
BRDA:336,14,1,0
BRDA:357,15,0,0
BRDA:357,15,1,0
BRDA:357,16,0,0
BRDA:357,16,1,0
BRDA:361,17,0,0
BRDA:361,17,1,0
BRDA:366,18,0,0
BRDA:366,18,1,0
BRDA:366,19,0,0
BRDA:366,19,1,0
BRDA:414,20,0,0
BRDA:414,20,1,0
BRDA:419,21,0,0
BRDA:419,21,1,0
BRDA:419,22,0,0
BRDA:419,22,1,0
BRDA:429,23,0,0
BRDA:429,23,1,0
BRDA:438,24,0,0
BRDA:438,24,1,0
BRDA:469,25,0,0
BRDA:469,25,1,1
BRF:52
BRH:5
end_of_record
TN:
SF:controllers\coursekeywords.js
FN:5,(anonymous_0)
FN:13,(anonymous_1)
FN:24,(anonymous_2)
FN:45,(anonymous_3)
FN:49,(anonymous_4)
FN:51,(anonymous_5)
FN:55,(anonymous_6)
FN:80,(anonymous_7)
FN:101,(anonymous_8)
FNF:9
FNH:5
FNDA:1,(anonymous_0)
FNDA:1,(anonymous_1)
FNDA:1,(anonymous_2)
FNDA:0,(anonymous_3)
FNDA:0,(anonymous_4)
FNDA:0,(anonymous_5)
FNDA:0,(anonymous_6)
FNDA:1,(anonymous_7)
FNDA:1,(anonymous_8)
DA:1,16
DA:2,16
DA:3,16
DA:5,16
DA:6,1
DA:10,1
DA:13,16
DA:14,1
DA:16,1
DA:17,1
DA:18,0
DA:19,0
DA:21,1
DA:24,16
DA:25,1
DA:26,1
DA:42,1
DA:43,1
DA:45,0
DA:46,0
DA:48,0
DA:49,0
DA:51,0
DA:52,0
DA:54,0
DA:55,0
DA:58,0
DA:62,0
DA:67,0
DA:68,0
DA:75,1
DA:77,1
DA:80,16
DA:81,1
DA:82,1
DA:84,1
DA:85,1
DA:86,1
DA:92,1
DA:93,0
DA:94,0
DA:97,1
DA:101,16
DA:102,1
DA:104,1
DA:105,1
DA:106,1
DA:107,1
DA:108,1
DA:116,1
DA:117,1
DA:120,0
DA:121,0
DA:122,0
DA:123,0
DA:125,1
DA:128,16
LF:57
LH:37
BRDA:17,0,0,0
BRDA:17,0,1,1
BRDA:43,1,0,0
BRDA:43,1,1,1
BRDA:92,2,0,0
BRDA:92,2,1,1
BRF:6
BRH:3
end_of_record
TN:
SF:controllers\documentations.js
FN:24,(anonymous_0)
FN:40,(anonymous_1)
FN:47,(anonymous_2)
FN:63,(anonymous_3)
FN:68,(anonymous_4)
FN:104,(anonymous_5)
FN:108,(anonymous_6)
FN:123,(anonymous_7)
FN:131,(anonymous_8)
FN:139,(anonymous_9)
FN:146,(anonymous_10)
FN:153,(anonymous_11)
FN:159,(anonymous_12)
FN:165,(anonymous_13)
FN:173,(anonymous_14)
FN:200,(anonymous_15)
FN:226,(anonymous_16)
FN:235,(anonymous_17)
FN:244,(anonymous_18)
FN:250,(anonymous_19)
FNF:20
FNH:7
FNDA:0,(anonymous_0)
FNDA:0,(anonymous_1)
FNDA:0,(anonymous_2)
FNDA:0,(anonymous_3)
FNDA:0,(anonymous_4)
FNDA:4,(anonymous_5)
FNDA:23,(anonymous_6)
FNDA:1,(anonymous_7)
FNDA:1,(anonymous_8)
FNDA:0,(anonymous_9)
FNDA:0,(anonymous_10)
FNDA:1,(anonymous_11)
FNDA:0,(anonymous_12)
FNDA:0,(anonymous_13)
FNDA:0,(anonymous_14)
FNDA:0,(anonymous_15)
FNDA:1,(anonymous_16)
FNDA:0,(anonymous_17)
FNDA:1,(anonymous_18)
FNDA:0,(anonymous_19)
DA:1,16
DA:2,16
DA:3,16
DA:5,16
DA:6,16
DA:7,16
DA:8,16
DA:9,16
DA:10,16
DA:12,16
DA:24,16
DA:25,0
DA:27,0
DA:28,0
DA:35,0
DA:40,16
DA:41,0
DA:44,0
DA:47,16
DA:48,0
DA:49,0
DA:50,0
DA:56,0
DA:57,0
DA:58,0
DA:60,0
DA:63,16
DA:64,0
DA:66,0
DA:68,0
DA:71,0
DA:72,0
DA:75,0
DA:76,0
DA:81,0
DA:82,0
DA:87,0
DA:88,0
DA:90,0
DA:91,0
DA:94,0
DA:95,0
DA:96,0
DA:98,0
DA:100,0
DA:101,0
DA:104,16
DA:106,4
DA:108,23
DA:111,0
DA:112,0
DA:114,4
DA:120,4
DA:123,16
DA:124,1
DA:128,1
DA:131,16
DA:132,1
DA:136,1
DA:139,16
DA:140,0
DA:143,0
DA:146,16
DA:147,0
DA:150,0
DA:153,16
DA:154,1
DA:155,1
DA:156,1
DA:159,16
DA:160,0
DA:161,0
DA:162,0
DA:165,16
DA:166,0
DA:167,0
DA:168,0
DA:170,0
DA:173,16
DA:176,0
DA:178,0
DA:182,0
DA:183,0
DA:185,0
DA:186,0
DA:187,0
DA:188,0
DA:189,0
DA:191,0
DA:192,0
DA:194,0
DA:195,0
DA:196,0
DA:200,16
DA:201,0
DA:202,0
DA:203,0
DA:207,0
DA:208,0
DA:209,0
DA:211,0
DA:215,0
DA:216,0
DA:218,0
DA:226,16
DA:227,1
DA:228,1
DA:229,1
DA:232,1
DA:235,16
DA:236,0
DA:237,0
DA:238,0
DA:241,0
DA:244,16
DA:245,1
DA:247,1
DA:250,16
DA:251,0
DA:253,0
DA:256,16
LF:121
LH:46
BRDA:44,0,0,0
BRDA:44,0,1,0
BRDA:57,1,0,0
BRDA:57,1,1,0
BRDA:66,2,0,0
BRDA:66,2,1,0
BRDA:75,3,0,0
BRDA:75,3,1,0
BRDA:76,4,0,0
BRDA:76,4,1,0
BRDA:77,5,0,0
BRDA:77,5,1,0
BRDA:77,5,2,0
BRDA:88,6,0,0
BRDA:88,6,1,0
BRDA:95,7,0,0
BRDA:95,7,1,0
BRDA:98,8,0,0
BRDA:98,8,1,0
BRDA:101,9,0,0
BRDA:101,9,1,0
BRDA:106,10,0,0
BRDA:106,10,1,4
BRDA:183,11,0,0
BRDA:183,11,1,0
BRDA:188,12,0,0
BRDA:188,12,1,0
BRDA:215,13,0,0
BRDA:215,13,1,0
BRF:29
BRH:1
end_of_record
TN:
SF:controllers\documents_modification.js
FN:64,(anonymous_0)
FN:100,(anonymous_1)
FN:114,(anonymous_2)
FN:115,(anonymous_3)
FN:121,(anonymous_4)
FN:154,(anonymous_5)
FN:179,(anonymous_6)
FN:213,(anonymous_7)
FN:243,(anonymous_8)
FN:327,(anonymous_9)
FN:353,(anonymous_10)
FN:424,(anonymous_11)
FN:448,(anonymous_12)
FN:521,(anonymous_13)
FN:557,(anonymous_14)
FN:580,(anonymous_15)
FN:581,(anonymous_16)
FN:593,(anonymous_17)
FN:597,(anonymous_18)
FN:618,(anonymous_19)
FN:630,(anonymous_20)
FN:690,(anonymous_21)
FN:733,(anonymous_22)
FN:748,(anonymous_23)
FN:793,(anonymous_24)
FN:829,(anonymous_25)
FN:833,(anonymous_26)
FN:847,(anonymous_27)
FN:1347,(anonymous_28)
FN:1374,(anonymous_29)
FN:1444,(anonymous_30)
FN:1475,(anonymous_31)
FN:1506,(anonymous_32)
FN:1514,(anonymous_33)
FN:1573,(anonymous_34)
FN:1576,(anonymous_35)
FN:1602,(anonymous_36)
FN:1699,(anonymous_37)
FN:1732,(anonymous_38)
FN:1756,(anonymous_39)
FN:1789,(anonymous_40)
FN:1807,(anonymous_41)
FN:1824,(anonymous_42)
FN:1828,(anonymous_43)
FN:1829,(anonymous_44)
FN:1861,(anonymous_45)
FN:1863,(anonymous_46)
FN:1868,(anonymous_47)
FN:1884,(anonymous_48)
FN:1902,(anonymous_49)
FN:1966,(anonymous_50)
FN:2085,(anonymous_51)
FN:2095,(anonymous_52)
FN:2190,(anonymous_53)
FN:2205,(anonymous_54)
FN:2215,(anonymous_55)
FN:2241,(anonymous_56)
FN:2261,(anonymous_57)
FN:2288,(anonymous_58)
FN:2290,(anonymous_59)
FN:2293,(anonymous_60)
FN:2296,(anonymous_61)
FN:2300,(anonymous_62)
FN:2301,(anonymous_63)
FN:2304,(anonymous_64)
FN:2307,(anonymous_65)
FN:243,(anonymous_8)
FN:314,(anonymous_9)
FN:340,(anonymous_10)
FN:411,(anonymous_11)
FN:435,(anonymous_12)
FN:508,(anonymous_13)
FN:544,(anonymous_14)
FN:567,(anonymous_15)
FN:568,(anonymous_16)
FN:580,(anonymous_17)
FN:584,(anonymous_18)
FN:605,(anonymous_19)
FN:617,(anonymous_20)
FN:677,(anonymous_21)
FN:720,(anonymous_22)
FN:735,(anonymous_23)
FN:780,(anonymous_24)
FN:816,(anonymous_25)
FN:820,(anonymous_26)
FN:834,(anonymous_27)
FN:1334,(anonymous_28)
FN:1361,(anonymous_29)
FN:1431,(anonymous_30)
FN:1462,(anonymous_31)
FN:1493,(anonymous_32)
FN:1501,(anonymous_33)
FN:1560,(anonymous_34)
FN:1563,(anonymous_35)
FN:1589,(anonymous_36)
FN:1686,(anonymous_37)
FN:1719,(anonymous_38)
FN:1743,(anonymous_39)
FN:1776,(anonymous_40)
FN:1794,(anonymous_41)
FN:1811,(anonymous_42)
FN:1815,(anonymous_43)
FN:1816,(anonymous_44)
FN:1848,(anonymous_45)
FN:1850,(anonymous_46)
FN:1855,(anonymous_47)
FN:1871,(anonymous_48)
FN:1889,(anonymous_49)
FN:1953,(anonymous_50)
FN:2072,(anonymous_51)
FN:2082,(anonymous_52)
FN:2177,(anonymous_53)
FN:2192,(anonymous_54)
FN:2202,(anonymous_55)
FN:2228,(anonymous_56)
FN:2248,(anonymous_57)
FN:2275,(anonymous_58)
FN:2277,(anonymous_59)
FN:2280,(anonymous_60)
FN:2283,(anonymous_61)
FN:2287,(anonymous_62)
FN:2288,(anonymous_63)
FN:2291,(anonymous_64)
FN:2294,(anonymous_65)
FN:243,(anonymous_8)
FN:318,(anonymous_9)
FN:344,(anonymous_10)
FN:415,(anonymous_11)
FN:439,(anonymous_12)
FN:512,(anonymous_13)
FN:548,(anonymous_14)
FN:571,(anonymous_15)
FN:572,(anonymous_16)
FN:584,(anonymous_17)
FN:588,(anonymous_18)
FN:609,(anonymous_19)
FN:621,(anonymous_20)
FN:681,(anonymous_21)
FN:724,(anonymous_22)
FN:739,(anonymous_23)
FN:784,(anonymous_24)
FN:820,(anonymous_25)
FN:824,(anonymous_26)
FN:838,(anonymous_27)
FN:1338,(anonymous_28)
FN:1365,(anonymous_29)
FN:1435,(anonymous_30)
FN:1466,(anonymous_31)
FN:1497,(anonymous_32)
FN:1505,(anonymous_33)
FN:1564,(anonymous_34)
FN:1567,(anonymous_35)
FN:1593,(anonymous_36)
FN:1690,(anonymous_37)
FN:1723,(anonymous_38)
FN:1747,(anonymous_39)
FN:1780,(anonymous_40)
FN:1798,(anonymous_41)
FN:1815,(anonymous_42)
FN:1819,(anonymous_43)
FN:1820,(anonymous_44)
FN:1852,(anonymous_45)
FN:1854,(anonymous_46)
FN:1859,(anonymous_47)
FN:1875,(anonymous_48)
FN:1893,(anonymous_49)
FN:1957,(anonymous_50)
FN:2076,(anonymous_51)
FN:2086,(anonymous_52)
FN:2181,(anonymous_53)
FN:2196,(anonymous_54)
FN:2206,(anonymous_55)
FN:2232,(anonymous_56)
FN:2252,(anonymous_57)
FN:2279,(anonymous_58)
FN:2281,(anonymous_59)
FN:2284,(anonymous_60)
FN:2287,(anonymous_61)
FN:2291,(anonymous_62)
FN:2292,(anonymous_63)
FN:2295,(anonymous_64)
FN:2298,(anonymous_65)
FNF:182
FNH:18
FNDA:0,(anonymous_0)
FNDA:0,(anonymous_1)
FNDA:0,(anonymous_2)
FNDA:0,(anonymous_3)
FNDA:0,(anonymous_4)
FNDA:0,(anonymous_5)
FNDA:0,(anonymous_6)
FNDA:0,(anonymous_7)
FNDA:0,(anonymous_8)
FNDA:0,(anonymous_9)
FNDA:0,(anonymous_10)
FNDA:0,(anonymous_11)
FNDA:1,(anonymous_12)
FNDA:0,(anonymous_13)
FNDA:0,(anonymous_14)
FNDA:0,(anonymous_15)
FNDA:0,(anonymous_16)
FNDA:0,(anonymous_17)
FNDA:0,(anonymous_18)
FNDA:0,(anonymous_19)
FNDA:0,(anonymous_20)
FNDA:0,(anonymous_21)
FNDA:0,(anonymous_22)
FNDA:1,(anonymous_23)
FNDA:1,(anonymous_24)
FNDA:2,(anonymous_25)
FNDA:2,(anonymous_26)
FNDA:1,(anonymous_27)
FNDA:0,(anonymous_28)
FNDA:0,(anonymous_29)
FNDA:0,(anonymous_30)
FNDA:0,(anonymous_31)
FNDA:0,(anonymous_32)
FNDA:0,(anonymous_33)
FNDA:0,(anonymous_34)
FNDA:0,(anonymous_35)
FNDA:0,(anonymous_36)
FNDA:0,(anonymous_37)
FNDA:0,(anonymous_38)
FNDA:0,(anonymous_39)
FNDA:0,(anonymous_40)
FNDA:0,(anonymous_41)
FNDA:0,(anonymous_42)
FNDA:0,(anonymous_43)
FNDA:0,(anonymous_44)
FNDA:0,(anonymous_45)
FNDA:0,(anonymous_46)
FNDA:0,(anonymous_47)
FNDA:0,(anonymous_48)
FNDA:0,(anonymous_49)
FNDA:0,(anonymous_50)
FNDA:0,(anonymous_51)
FNDA:0,(anonymous_52)
FNDA:0,(anonymous_53)
FNDA:0,(anonymous_54)
FNDA:0,(anonymous_55)
FNDA:0,(anonymous_56)
FNDA:0,(anonymous_57)
FNDA:0,(anonymous_58)
FNDA:0,(anonymous_59)
FNDA:0,(anonymous_60)
FNDA:0,(anonymous_61)
FNDA:0,(anonymous_62)
FNDA:0,(anonymous_63)
FNDA:0,(anonymous_64)
FNDA:0,(anonymous_65)
FNDA:0,(anonymous_8)
FNDA:0,(anonymous_9)
FNDA:0,(anonymous_10)
FNDA:1,(anonymous_11)
FNDA:1,(anonymous_12)
FNDA:0,(anonymous_13)
FNDA:0,(anonymous_14)
FNDA:0,(anonymous_15)
FNDA:0,(anonymous_16)
FNDA:0,(anonymous_17)
FNDA:0,(anonymous_18)
FNDA:0,(anonymous_19)
FNDA:0,(anonymous_20)
FNDA:0,(anonymous_21)
FNDA:0,(anonymous_22)
FNDA:1,(anonymous_23)
FNDA:2,(anonymous_24)
FNDA:2,(anonymous_25)
FNDA:2,(anonymous_26)
FNDA:1,(anonymous_27)
FNDA:0,(anonymous_28)
FNDA:0,(anonymous_29)
FNDA:0,(anonymous_30)
FNDA:0,(anonymous_31)
FNDA:0,(anonymous_32)
FNDA:0,(anonymous_33)
FNDA:0,(anonymous_34)
FNDA:0,(anonymous_35)
FNDA:0,(anonymous_36)
FNDA:0,(anonymous_37)
FNDA:0,(anonymous_38)
FNDA:0,(anonymous_39)
FNDA:0,(anonymous_40)
FNDA:0,(anonymous_41)
FNDA:0,(anonymous_42)
FNDA:0,(anonymous_43)
FNDA:0,(anonymous_44)
FNDA:0,(anonymous_45)
FNDA:0,(anonymous_46)
FNDA:0,(anonymous_47)
FNDA:0,(anonymous_48)
FNDA:0,(anonymous_49)
FNDA:0,(anonymous_50)
FNDA:0,(anonymous_51)
FNDA:0,(anonymous_52)
FNDA:0,(anonymous_53)
FNDA:0,(anonymous_54)
FNDA:0,(anonymous_55)
FNDA:0,(anonymous_56)
FNDA:0,(anonymous_57)
FNDA:0,(anonymous_58)
FNDA:0,(anonymous_59)
FNDA:0,(anonymous_60)
FNDA:0,(anonymous_61)
FNDA:0,(anonymous_62)
FNDA:0,(anonymous_63)
FNDA:0,(anonymous_64)
FNDA:0,(anonymous_65)
FNDA:0,(anonymous_8)
FNDA:0,(anonymous_9)
FNDA:0,(anonymous_10)
FNDA:0,(anonymous_11)
FNDA:1,(anonymous_12)
FNDA:0,(anonymous_13)
FNDA:0,(anonymous_14)
FNDA:0,(anonymous_15)
FNDA:0,(anonymous_16)
FNDA:0,(anonymous_17)
FNDA:0,(anonymous_18)
FNDA:0,(anonymous_19)
FNDA:0,(anonymous_20)
FNDA:0,(anonymous_21)
FNDA:0,(anonymous_22)
FNDA:0,(anonymous_23)
FNDA:1,(anonymous_24)
FNDA:1,(anonymous_25)
FNDA:1,(anonymous_26)
FNDA:1,(anonymous_27)
FNDA:0,(anonymous_28)
FNDA:0,(anonymous_29)
FNDA:0,(anonymous_30)
FNDA:0,(anonymous_31)
FNDA:0,(anonymous_32)
FNDA:0,(anonymous_33)
FNDA:0,(anonymous_34)
FNDA:0,(anonymous_35)
FNDA:0,(anonymous_36)
FNDA:0,(anonymous_37)
FNDA:0,(anonymous_38)
FNDA:0,(anonymous_39)
FNDA:0,(anonymous_40)
FNDA:0,(anonymous_41)
FNDA:0,(anonymous_42)
FNDA:0,(anonymous_43)
FNDA:0,(anonymous_44)
FNDA:0,(anonymous_45)
FNDA:0,(anonymous_46)
FNDA:0,(anonymous_47)
FNDA:0,(anonymous_48)
FNDA:0,(anonymous_49)
FNDA:0,(anonymous_50)
FNDA:0,(anonymous_51)
FNDA:0,(anonymous_52)
FNDA:0,(anonymous_53)
FNDA:0,(anonymous_54)
FNDA:0,(anonymous_55)
FNDA:0,(anonymous_56)
FNDA:0,(anonymous_57)
FNDA:0,(anonymous_58)
FNDA:0,(anonymous_59)
FNDA:0,(anonymous_60)
FNDA:0,(anonymous_61)
FNDA:0,(anonymous_62)
FNDA:0,(anonymous_63)
FNDA:0,(anonymous_64)
FNDA:0,(anonymous_65)
DA:1,16
DA:2,16
DA:11,16
DA:13,16
DA:14,16
DA:15,16
DA:16,16
DA:31,16
DA:32,16
DA:41,16
DA:46,16
DA:48,16
DA:49,16
DA:54,16
DA:59,16
DA:60,16
DA:61,16
DA:62,16
DA:64,16
DA:65,0
DA:97,0
DA:100,16
DA:101,0
DA:113,0
DA:114,0
DA:115,0
DA:118,0
DA:121,16
DA:124,0
DA:125,0
DA:132,0
DA:133,0
DA:136,0
DA:139,0
DA:146,0
DA:151,0
DA:154,16
DA:155,0
DA:156,0
DA:157,0
DA:158,0
DA:162,0
DA:163,0
DA:165,0
DA:166,0
DA:175,0
DA:179,16
DA:183,0
DA:184,0
DA:185,0
DA:197,0
DA:199,0
DA:200,0
DA:209,0
DA:213,16
DA:214,0
DA:217,0
DA:218,0
DA:219,0
DA:228,0
DA:229,0
DA:230,0
DA:239,0
DA:243,16
DA:244,0
DA:246,0
DA:250,0
DA:251,0
DA:252,0
DA:253,0
DA:256,0
DA:261,0
DA:281,0
DA:282,0
DA:283,0
DA:284,0
DA:285,0
DA:286,0
DA:289,0
DA:305,0
DA:308,0
DA:309,5
DA:312,0
DA:314,3
DA:317,0
DA:318,11
DA:319,11
DA:321,11
DA:322,0
DA:323,3
DA:325,11
DA:326,0
DA:327,2
DA:329,3
DA:330,13
DA:331,2
DA:332,14
DA:334,3
DA:336,13
DA:338,11
DA:339,13
DA:340,3
DA:341,2
DA:343,2
DA:344,2
DA:345,2
DA:348,3
DA:349,14
DA:350,0
DA:351,0
DA:352,0
DA:353,0
DA:354,0
DA:355,0
DA:356,0
DA:357,14
DA:358,14
DA:359,3
DA:360,3
DA:362,3
DA:363,3
DA:364,3
DA:365,11
DA:366,0
DA:368,11
DA:369,14
DA:370,2
DA:371,14
DA:372,0
DA:373,11
DA:374,3
DA:375,3
DA:376,3
DA:377,13
DA:378,13
DA:379,13
DA:380,13
DA:381,2
DA:382,3
DA:383,3
DA:384,3
DA:385,0
DA:386,0
DA:388,0
DA:390,0
DA:391,11
DA:392,11
DA:393,11
DA:396,11
DA:397,11
DA:400,2
DA:401,2
DA:409,0
DA:410,0
DA:411,3
DA:414,1
DA:415,11
DA:416,12
DA:418,1
DA:420,3
DA:424,2
DA:425,3
DA:427,14
DA:429,14
DA:431,3
DA:434,12
DA:435,1
DA:437,14
DA:438,14
DA:439,14
DA:440,13
DA:441,1
DA:442,1
DA:443,3
DA:444,3
DA:447,2
DA:448,2
DA:449,2
DA:450,2
DA:451,3
DA:452,14
DA:453,3
DA:454,3
DA:460,14
DA:461,14
DA:462,14
DA:463,14
DA:470,1
DA:472,14
DA:473,13
DA:474,13
DA:475,13
DA:476,3
DA:477,3
DA:478,3
DA:479,3
DA:483,0
DA:485,14
DA:486,14
DA:487,14
DA:488,14
DA:492,14
DA:493,14
DA:496,2
DA:497,2
DA:505,0
DA:506,0
DA:508,3
DA:512,11
DA:513,11
DA:516,11
DA:517,11
DA:518,2
DA:520,3
DA:521,11
DA:522,13
DA:525,3
DA:526,0
DA:529,0
DA:530,2
DA:531,0
DA:534,3
DA:535,14
DA:539,11
DA:543,0
DA:544,3
DA:547,0
DA:548,11
DA:549,13
DA:550,13
DA:551,2
DA:552,14
DA:553,3
DA:554,3
DA:555,11
DA:557,2
DA:559,13
DA:560,2
DA:561,2
DA:562,14
DA:563,14
DA:564,3
DA:565,3
DA:566,13
DA:567,13
DA:568,14
DA:569,13
DA:570,13
DA:571,2
DA:572,14
DA:573,3
DA:574,3
DA:575,2
DA:578,13
DA:579,13
DA:580,11
DA:581,11
DA:582,2
DA:583,0
DA:584,0
DA:588,2
DA:590,2
DA:591,0
DA:592,0
DA:593,0
DA:594,2
DA:595,0
DA:596,2
DA:597,2
DA:598,0
DA:601,0
DA:602,0
DA:603,0
DA:604,0
DA:605,0
DA:606,2
DA:609,0
DA:610,0
DA:611,0
DA:614,0
DA:615,0
DA:617,3
DA:618,14
DA:621,11
DA:622,11
DA:623,11
DA:625,0
DA:626,3
DA:630,2
DA:634,13
DA:635,11
DA:638,3
DA:647,14
DA:649,11
DA:653,3
DA:655,11
DA:659,3
DA:661,13
DA:662,14
DA:665,13
DA:668,14
DA:669,3
DA:672,0
DA:673,13
DA:674,13
DA:676,13
DA:677,3
DA:678,3
DA:680,3
DA:681,0
DA:682,3
DA:684,2
DA:685,13
DA:686,11
DA:687,11
DA:688,0
DA:689,3
DA:690,2
DA:691,0
DA:694,3
DA:697,0
DA:698,11
DA:703,11
DA:709,11
DA:713,2
DA:720,3
DA:722,3
DA:723,0
DA:724,11
DA:725,11
DA:726,11
DA:727,0
DA:728,0
DA:729,3
DA:730,13
DA:731,0
DA:733,2
DA:734,2
DA:735,3
DA:736,3
DA:737,3
DA:738,3
DA:739,11
DA:740,12
DA:742,12
DA:743,12
DA:744,12
DA:746,12
DA:747,0
DA:748,2
DA:750,3
DA:751,14
DA:752,2
DA:753,13
DA:755,14
DA:756,2
DA:757,2
DA:758,12
DA:759,4
DA:760,3
DA:761,3
DA:762,14
DA:763,14
DA:764,13
DA:765,12
DA:766,3
DA:767,3
DA:768,15
DA:769,14
DA:770,14
DA:771,12
DA:772,12
DA:773,3
DA:774,3
DA:775,3
DA:776,3
DA:777,1
DA:778,3
DA:779,3
DA:780,3
DA:781,2
DA:782,15
DA:783,15
DA:784,1
DA:785,1
DA:786,1
DA:787,4
DA:788,2
DA:789,4
DA:792,3
DA:793,13
DA:795,12
DA:796,14
DA:797,12
DA:798,3
DA:800,1
DA:801,1
DA:802,13
DA:803,14
DA:804,3
DA:805,3
DA:806,15
DA:807,4
DA:808,14
DA:812,3
DA:813,4
DA:814,14
DA:815,14
DA:816,13
DA:817,13
DA:818,3
DA:819,3
DA:821,3
DA:823,3
DA:824,2
DA:825,3
DA:826,3
DA:827,15
DA:828,3
DA:829,2
DA:830,3
DA:831,3
DA:832,2
DA:833,2
DA:834,1
DA:835,1
DA:836,2
DA:837,1
DA:838,1
DA:839,1
DA:840,1
DA:841,4
DA:842,1
DA:843,1
DA:844,4
DA:845,3
DA:846,3
DA:847,3
DA:848,3
DA:849,2
DA:850,14
DA:851,14
DA:852,14
DA:853,12
DA:854,12
DA:855,3
DA:856,3
DA:857,1
DA:861,2
DA:862,2
DA:863,2
DA:864,15
DA:865,2
DA:866,2
DA:867,2
DA:869,2
DA:870,1
DA:871,1
DA:875,1
DA:876,1
DA:878,1
DA:879,0
DA:880,0
DA:882,0
DA:883,0
DA:884,1
DA:885,0
DA:886,0
DA:887,0
DA:889,0
DA:891,0
DA:893,1
DA:895,3
DA:896,0
DA:898,1
DA:902,1
DA:903,2
DA:904,2
DA:905,1
DA:906,1
DA:907,3
DA:908,3
DA:909,2
DA:910,1
DA:911,1
DA:912,2
DA:914,2
DA:915,2
DA:916,2
DA:917,2
DA:918,1
DA:921,2
DA:923,1
DA:924,1
DA:925,1
DA:928,1
DA:932,2
DA:935,2
DA:936,2
DA:937,1
DA:939,2
DA:940,2
DA:941,2
DA:948,2
DA:949,2
DA:950,1
DA:953,1
DA:954,0
DA:957,2
DA:958,1
DA:959,1
DA:963,1
DA:966,1
DA:967,0
DA:968,0
DA:969,0
DA:970,0
DA:971,0
DA:972,1
DA:973,1
DA:974,0
DA:975,0
DA:977,0
DA:978,0
DA:981,1
DA:982,2
DA:983,0
DA:984,1
DA:986,1
DA:988,1
DA:989,2
DA:990,1
DA:991,0
DA:992,0
DA:993,3
DA:994,3
DA:997,1
DA:998,1
DA:1001,1
DA:1002,2
DA:1003,1
DA:1004,0
DA:1005,0
DA:1006,1
DA:1007,0
DA:1008,1
DA:1009,1
DA:1010,0
DA:1015,0
DA:1016,0
DA:1017,0
DA:1018,0
DA:1020,0
DA:1023,0
DA:1024,0
DA:1025,0
DA:1027,1
DA:1028,1
DA:1029,1
DA:1036,0
DA:1037,0
DA:1038,0
DA:1041,1
DA:1042,0
DA:1043,0
DA:1047,0
DA:1050,1
DA:1051,0
DA:1052,0
DA:1056,1
DA:1057,0
DA:1058,0
DA:1060,1
DA:1061,0
DA:1062,0
DA:1064,0
DA:1065,1
DA:1069,2
DA:1070,0
DA:1071,1
DA:1073,1
DA:1074,2
DA:1075,0
DA:1078,4
DA:1079,2
DA:1085,1
DA:1086,1
DA:1087,15
DA:1088,0
DA:1089,4
DA:1090,1
DA:1093,1
DA:1094,1
DA:1095,1
DA:1097,1
DA:1098,14
DA:1099,1
DA:1106,0
DA:1107,0
DA:1108,0
DA:1112,0
DA:1114,0
DA:1115,0
DA:1116,3
DA:1118,3
DA:1119,3
DA:1120,2
DA:1125,14
DA:1127,14
DA:1128,14
DA:1129,14
DA:1139,14
DA:1141,11
DA:1143,3
DA:1145,3
DA:1146,2
DA:1150,3
DA:1152,15
DA:1154,1
DA:1155,1
DA:1156,1
DA:1157,0
DA:1158,1
DA:1159,4
DA:1160,4
DA:1161,1
DA:1162,0
DA:1163,0
DA:1164,1
DA:1165,1
DA:1166,1
DA:1168,14
DA:1169,14
DA:1170,1
DA:1171,0
DA:1172,0
DA:1173,14
DA:1174,0
DA:1175,1
DA:1177,0
DA:1178,0
DA:1179,1
DA:1181,3
DA:1184,14
DA:1185,14
DA:1187,11
DA:1188,13
DA:1189,2
DA:1190,0
DA:1191,0
DA:1192,3
DA:1193,3
DA:1194,2
DA:1195,2
DA:1198,1
DA:1199,2
DA:1200,0
DA:1201,1
DA:1202,1
DA:1203,0
DA:1205,0
DA:1206,0
DA:1207,0
DA:1208,0
DA:1209,1
DA:1210,1
DA:1211,1
DA:1212,0
DA:1213,0
DA:1215,0
DA:1217,2
DA:1218,1
DA:1219,1
DA:1220,1
DA:1221,1
DA:1222,1
DA:1223,0
DA:1224,0
DA:1225,3
DA:1226,3
DA:1227,1
DA:1228,1
DA:1232,1
DA:1233,0
DA:1234,1
DA:1235,1
DA:1236,0
DA:1238,0
DA:1239,0
DA:1240,0
DA:1241,1
DA:1242,1
DA:1243,1
DA:1244,1
DA:1245,0
DA:1246,0
DA:1247,0
DA:1249,1
DA:1251,1
DA:1252,1
DA:1253,0
DA:1254,0
DA:1255,0
DA:1256,3
DA:1257,1
DA:1258,0
DA:1262,1
DA:1264,1
DA:1265,1
DA:1266,1
DA:1268,1
DA:1269,1
DA:1270,1
DA:1275,1
DA:1277,1
DA:1278,1
DA:1279,1
DA:1289,1
DA:1290,0
DA:1293,1
DA:1294,1
DA:1295,1
DA:1299,1
DA:1302,0
DA:1303,0
DA:1304,0
DA:1305,0
DA:1306,0
DA:1307,0
DA:1308,0
DA:1309,0
DA:1310,0
DA:1311,0
DA:1312,0
DA:1313,0
DA:1314,0
DA:1317,0
DA:1318,0
DA:1319,0
DA:1320,0
DA:1321,0
DA:1322,0
DA:1323,0
DA:1325,0
DA:1326,0
DA:1327,1
DA:1329,0
DA:1332,11
DA:1334,3
DA:1337,0
DA:1338,11
DA:1339,11
DA:1341,0
DA:1343,3
DA:1344,2
DA:1345,11
DA:1346,11
DA:1347,11
DA:1348,13
DA:1349,2
DA:1350,0
DA:1351,2
DA:1352,2
DA:1353,0
DA:1354,2
DA:1355,2
DA:1356,2
DA:1357,3
DA:1358,0
DA:1359,0
DA:1360,0
DA:1361,3
DA:1362,3
DA:1364,3
DA:1365,11
DA:1367,14
DA:1368,11
DA:1369,11
DA:1370,11
DA:1371,11
DA:1372,0
DA:1374,3
DA:1375,13
DA:1376,2
DA:1378,11
DA:1379,3
DA:1380,2
DA:1383,2
DA:1384,2
DA:1385,0
DA:1387,3
DA:1388,14
DA:1390,11
DA:1393,11
DA:1394,3
DA:1395,0
DA:1396,3
DA:1398,13
DA:1399,2
DA:1401,13
DA:1402,3
DA:1403,14
DA:1404,11
DA:1405,3
DA:1406,11
DA:1407,13
DA:1408,11
DA:1409,13
DA:1410,13
DA:1411,3
DA:1412,0
DA:1413,2
DA:1414,2
DA:1415,2
DA:1417,0
DA:1418,2
DA:1419,3
DA:1420,0
DA:1421,3
DA:1422,3
DA:1423,14
DA:1424,11
DA:1426,0
DA:1427,14
DA:1428,11
DA:1431,3
DA:1432,14
DA:1435,11
DA:1436,14
DA:1437,14
DA:1439,3
DA:1441,11
DA:1444,2
DA:1448,13
DA:1449,13
DA:1450,11
DA:1452,3
DA:1453,3
DA:1455,11
DA:1456,0
DA:1459,2
DA:1461,0
DA:1462,3
DA:1465,3
DA:1466,11
DA:1467,13
DA:1468,14
DA:1469,11
DA:1471,0
DA:1472,11
DA:1473,0
DA:1475,2
DA:1476,3
DA:1480,2
DA:1481,2
DA:1482,14
DA:1484,2
DA:1485,14
DA:1486,0
DA:1488,3
DA:1489,3
DA:1490,3
DA:1491,13
DA:1492,13
DA:1493,11
DA:1494,11
DA:1495,3
DA:1496,2
DA:1497,2
DA:1498,0
DA:1499,2
DA:1500,2
DA:1501,2
DA:1503,2
DA:1504,14
DA:1505,2
DA:1506,0
DA:1507,2
DA:1508,0
DA:1509,0
DA:1510,0
DA:1511,2
DA:1512,2
DA:1513,0
DA:1514,0
DA:1515,0
DA:1516,0
DA:1517,0
DA:1518,0
DA:1519,2
DA:1520,0
DA:1521,0
DA:1522,0
DA:1523,0
DA:1524,0
DA:1525,0
DA:1526,2
DA:1527,0
DA:1528,0
DA:1529,0
DA:1530,0
DA:1531,2
DA:1534,0
DA:1535,0
DA:1537,0
DA:1538,2
DA:1539,2
DA:1540,0
DA:1547,0
DA:1548,0
DA:1554,0
DA:1558,0
DA:1559,0
DA:1560,0
DA:1563,0
DA:1564,0
DA:1567,2
DA:1568,2
DA:1572,0
DA:1573,0
DA:1576,0
DA:1577,0
DA:1586,0
DA:1588,0
DA:1589,0
DA:1590,0
DA:1591,0
DA:1592,0
DA:1593,0
DA:1595,2
DA:1596,0
DA:1597,2
DA:1598,0
DA:1599,2
DA:1600,2
DA:1601,0
DA:1602,0
DA:1603,0
DA:1604,0
DA:1605,0
DA:1606,0
DA:1607,2
DA:1608,0
DA:1609,0
DA:1610,0
DA:1611,0
DA:1612,0
DA:1613,0
DA:1614,2
DA:1615,0
DA:1616,0
DA:1617,0
DA:1618,0
DA:1619,2
DA:1622,0
DA:1623,0
DA:1625,0
DA:1626,2
DA:1627,2
DA:1628,0
DA:1635,0
DA:1636,0
DA:1640,0
DA:1644,0
DA:1645,0
DA:1646,0
DA:1647,0
DA:1648,0
DA:1649,3
DA:1650,3
DA:1651,3
DA:1652,3
DA:1653,0
DA:1658,14
DA:1659,14
DA:1660,14
DA:1661,14
DA:1671,11
DA:1675,2
DA:1683,2
DA:1684,0
DA:1686,3
DA:1687,3
DA:1688,0
DA:1689,0
DA:1690,11
DA:1692,11
DA:1693,3
DA:1694,3
DA:1695,13
DA:1696,3
DA:1698,11
DA:1699,11
DA:1700,13
DA:1701,11
DA:1702,2
DA:1703,2
DA:1704,0
DA:1705,0
DA:1707,2
DA:1708,2
DA:1709,0
DA:1711,0
DA:1712,0
DA:1713,0
DA:1714,0
DA:1715,3
DA:1716,0
DA:1717,0
DA:1718,0
DA:1719,3
DA:1720,3
DA:1721,3
DA:1722,0
DA:1723,11
DA:1724,14
DA:1725,11
DA:1726,14
DA:1727,14
DA:1728,3
DA:1729,11
DA:1730,11
DA:1731,11
DA:1732,2
DA:1733,2
DA:1734,2
DA:1735,2
DA:1737,3
DA:1738,3
DA:1739,3
DA:1740,11
DA:1742,0
DA:1743,11
DA:1744,3
DA:1746,3
DA:1747,11
DA:1748,14
DA:1750,2
DA:1751,11
DA:1752,13
DA:1753,0
DA:1755,3
DA:1756,3
DA:1757,13
DA:1758,13
DA:1759,13
DA:1760,3
DA:1761,3
DA:1762,13
DA:1763,2
DA:1764,11
DA:1765,11
DA:1766,2
DA:1769,0
DA:1770,0
DA:1771,3
DA:1772,3
DA:1775,0
DA:1776,3
DA:1780,11
DA:1782,13
DA:1784,2
DA:1785,11
DA:1786,11
DA:1787,0
DA:1789,2
DA:1790,2
DA:1791,2
DA:1793,3
DA:1794,2
DA:1795,14
DA:1797,13
DA:1798,14
DA:1799,11
DA:1800,14
DA:1801,3
DA:1802,13
DA:1803,13
DA:1804,11
DA:1806,3
DA:1807,3
DA:1810,13
DA:1811,13
DA:1812,13
DA:1814,3
DA:1815,2
DA:1816,2
DA:1819,0
DA:1820,2
DA:1821,2
DA:1822,2
DA:1823,14
DA:1824,14
DA:1825,14
DA:1826,11
DA:1827,0
DA:1828,11
DA:1829,11
DA:1830,3
DA:1831,0
DA:1832,3
DA:1833,14
DA:1834,13
DA:1835,0
DA:1838,3
DA:1839,14
DA:1840,3
DA:1841,3
DA:1842,14
DA:1843,14
DA:1844,2
DA:1847,14
DA:1848,13
DA:1849,11
DA:1850,11
DA:1851,2
DA:1852,3
DA:1853,13
DA:1854,13
DA:1855,2
DA:1856,11
DA:1857,2
DA:1858,2
DA:1859,2
DA:1860,0
DA:1861,2
DA:1862,2
DA:1863,2
DA:1866,0
DA:1867,2
DA:1868,0
DA:1870,0
DA:1871,0
DA:1872,0
DA:1873,0
DA:1874,0
DA:1875,0
DA:1876,0
DA:1877,0
DA:1878,0
DA:1879,0
DA:1882,0
DA:1883,3
DA:1884,0
DA:1886,3
DA:1887,0
DA:1888,0
DA:1889,3
DA:1890,3
DA:1892,3
DA:1893,11
DA:1894,11
DA:1895,14
DA:1897,11
DA:1898,11
DA:1899,11
DA:1901,3
DA:1902,3
DA:1903,13
DA:1907,11
DA:1910,0
DA:1911,0
DA:1916,14
DA:1924,11
DA:1925,11
DA:1928,3
DA:1929,3
DA:1936,13
DA:1937,14
DA:1938,14
DA:1940,3
DA:1943,13
DA:1945,13
DA:1947,3
DA:1949,2
DA:1953,3
DA:1956,14
DA:1957,2
DA:1958,3
DA:1960,0
DA:1961,0
DA:1962,14
DA:1964,3
DA:1965,3
DA:1966,11
DA:1972,13
DA:1973,0
DA:1974,11
DA:1975,11
DA:1976,3
DA:1985,14
DA:1989,0
DA:1991,13
DA:1992,13
DA:1993,13
DA:1994,13
DA:1995,3
DA:1996,3
DA:1997,3
DA:1998,3
DA:2002,0
DA:2004,14
DA:2005,14
DA:2006,14
DA:2007,14
DA:2013,13
DA:2014,13
DA:2015,13
DA:2016,13
DA:2017,3
DA:2018,3
DA:2019,3
DA:2020,3
DA:2026,14
DA:2027,14
DA:2028,14
DA:2029,14
DA:2036,13
DA:2037,13
DA:2038,13
DA:2040,3
DA:2041,3
DA:2042,3
DA:2049,14
DA:2050,14
DA:2051,14
DA:2054,13
DA:2058,2
DA:2067,0
DA:2069,0
DA:2072,3
DA:2073,0
DA:2076,11
DA:2077,2
DA:2078,0
DA:2079,0
DA:2082,3
DA:2083,0
DA:2084,0
DA:2085,2
DA:2086,11
DA:2087,0
DA:2088,0
DA:2089,0
DA:2090,0
DA:2091,0
DA:2092,0
DA:2095,2
DA:2096,0
DA:2097,0
DA:2098,0
DA:2099,0
DA:2100,0
DA:2112,0
DA:2113,0
DA:2114,0
DA:2115,0
DA:2116,0
DA:2117,0
DA:2118,0
DA:2119,0
DA:2120,0
DA:2121,0
DA:2122,0
DA:2123,0
DA:2125,0
DA:2126,0
DA:2127,0
DA:2128,0
DA:2129,0
DA:2130,0
DA:2131,0
DA:2132,0
DA:2134,0
DA:2139,0
DA:2140,0
DA:2141,0
DA:2143,0
DA:2153,0
DA:2154,0
DA:2155,0
DA:2156,0
DA:2157,0
DA:2158,0
DA:2159,0
DA:2160,0
DA:2161,0
DA:2162,0
DA:2163,0
DA:2164,0
DA:2166,0
DA:2167,11
DA:2168,0
DA:2169,0
DA:2170,0
DA:2171,3
DA:2172,0
DA:2173,0
DA:2176,0
DA:2177,3
DA:2180,3
DA:2181,11
DA:2182,14
DA:2184,2
DA:2185,11
DA:2186,11
DA:2188,0
DA:2189,0
DA:2190,2
DA:2192,5
DA:2193,13
DA:2194,2
DA:2195,2
DA:2196,11
DA:2197,2
DA:2198,2
DA:2199,0
DA:2201,0
DA:2202,3
DA:2203,11
DA:2204,0
DA:2205,5
DA:2206,11
DA:2207,14
DA:2208,14
DA:2209,11
DA:2210,11
DA:2211,11
DA:2212,11
DA:2213,3
DA:2214,3
DA:2215,2
DA:2216,3
DA:2217,3
DA:2219,3
DA:2220,13
DA:2221,0
DA:2222,0
DA:2223,0
DA:2224,14
DA:2225,0
DA:2226,0
DA:2228,11
DA:2229,11
DA:2232,11
DA:2233,0
DA:2238,0
DA:2241,2
DA:2242,0
DA:2248,3
DA:2249,0
DA:2250,0
DA:2252,11
DA:2253,0
DA:2254,3
DA:2261,2
DA:2262,0
DA:2263,11
DA:2265,11
DA:2269,0
DA:2272,0
DA:2275,3
DA:2276,11
DA:2277,2
DA:2278,3
DA:2279,11
DA:2280,11
DA:2281,0
DA:2282,13
DA:2283,13
DA:2284,3
DA:2285,0
DA:2286,0
DA:2287,0
DA:2288,2
DA:2289,2
DA:2290,2
DA:2291,2
DA:2292,0
DA:2293,11
DA:2294,0
DA:2295,0
DA:2296,0
DA:2298,3
DA:2299,0
DA:2300,3
DA:2301,0
DA:2302,0
DA:2303,3
DA:2304,3
DA:2305,11
DA:2306,0
DA:2307,11
DA:2308,11
DA:2309,3
DA:2312,0
DA:2315,14
DA:2316,3
DA:2318,3
DA:2319,11
DA:2325,14
DA:2328,2
LF:1402
LH:941
BRDA:105,0,0,0
BRDA:105,0,1,0
BRDA:106,1,0,0
BRDA:106,1,1,0
BRDA:115,2,0,0
BRDA:115,2,1,0
BRDA:132,3,0,0
BRDA:132,3,1,0
BRDA:142,4,0,0
BRDA:142,4,1,0
BRDA:165,5,0,0
BRDA:165,5,1,0
BRDA:199,6,0,0
BRDA:199,6,1,0
BRDA:229,7,0,0
BRDA:229,7,1,0
BRDA:250,8,0,0
BRDA:250,8,1,0
BRDA:252,9,0,0
BRDA:252,9,1,0
BRDA:256,10,0,0
BRDA:256,10,1,0
BRDA:257,11,0,0
BRDA:257,11,1,0
BRDA:257,11,2,0
BRDA:282,12,0,0
BRDA:282,12,1,0
BRDA:338,13,0,0
BRDA:338,13,1,0
BRDA:349,14,0,0
BRDA:349,14,1,0
BRDA:357,15,0,0
BRDA:357,15,1,0
BRDA:392,16,0,0
BRDA:392,16,1,0
BRDA:409,17,0,0
BRDA:409,17,1,0
BRDA:452,18,0,0
BRDA:452,18,1,0
BRDA:460,19,0,0
BRDA:460,19,1,0
BRDA:462,20,0,0
BRDA:462,20,1,0
BRDA:486,21,0,0
BRDA:486,21,1,0
BRDA:487,22,0,0
BRDA:487,22,1,0
BRDA:505,23,0,0
BRDA:505,23,1,0
BRDA:529,24,0,0
BRDA:529,24,1,0
BRDA:534,25,0,0
BRDA:534,25,1,0
BRDA:562,26,0,0
BRDA:562,26,1,0
BRDA:572,27,0,0
BRDA:572,27,1,0
BRDA:582,28,0,0
BRDA:582,28,1,0
BRDA:605,29,0,0
BRDA:605,29,1,0
BRDA:686,30,0,0
BRDA:686,30,1,0
BRDA:698,31,0,0
BRDA:698,31,1,0
BRDA:699,32,0,0
BRDA:699,32,1,0
BRDA:699,32,2,0
BRDA:759,33,0,0
BRDA:759,33,1,1
BRDA:764,34,0,1
BRDA:764,34,1,1
BRDA:775,35,0,2
BRDA:775,35,1,0
BRDA:776,36,0,1
BRDA:776,36,1,1
BRDA:782,37,0,1
BRDA:782,37,1,0
BRDA:796,38,0,0
BRDA:796,38,1,0
BRDA:827,39,0,1
BRDA:827,39,1,0
BRDA:836,40,0,2
BRDA:836,40,1,0
BRDA:837,41,0,1
BRDA:837,41,1,0
BRDA:839,42,0,0
BRDA:839,42,1,1
BRDA:850,43,0,0
BRDA:850,43,1,0
BRDA:851,44,0,1
BRDA:851,44,1,0
BRDA:853,45,0,0
BRDA:853,45,1,1
BRDA:864,46,0,1
BRDA:864,46,1,0
BRDA:865,47,0,1
BRDA:865,47,1,1
BRDA:875,48,0,1
BRDA:875,48,1,0
BRDA:878,49,0,1
BRDA:878,49,1,0
BRDA:893,50,0,1
BRDA:893,50,1,0
BRDA:916,51,0,2
BRDA:916,51,1,0
BRDA:917,52,0,2
BRDA:917,52,1,0
BRDA:917,53,0,1
BRDA:917,53,1,1
BRDA:923,54,0,1
BRDA:923,54,1,0
BRDA:924,55,0,1
BRDA:924,55,1,0
BRDA:948,56,0,2
BRDA:948,56,1,0
BRDA:981,57,0,1
BRDA:981,57,1,0
BRDA:981,58,0,0
BRDA:981,58,1,0
BRDA:982,59,0,1
BRDA:982,59,1,0
BRDA:1002,60,0,1
BRDA:1002,60,1,1
BRDA:1003,61,0,1
BRDA:1003,61,1,0
BRDA:1004,62,0,0
BRDA:1004,62,1,0
BRDA:1017,63,0,0
BRDA:1017,63,1,0
BRDA:1036,64,0,0
BRDA:1036,64,1,0
BRDA:1065,65,0,1
BRDA:1065,65,1,0
BRDA:1066,66,0,0
BRDA:1066,66,1,0
BRDA:1069,67,0,1
BRDA:1069,67,1,0
BRDA:1087,68,0,0
BRDA:1087,68,1,1
BRDA:1098,69,0,0
BRDA:1098,69,1,0
BRDA:1098,70,0,0
BRDA:1098,70,1,0
BRDA:1106,71,0,0
BRDA:1106,71,1,0
BRDA:1127,72,0,0
BRDA:1127,72,1,0
BRDA:1128,73,0,0
BRDA:1128,73,1,0
BRDA:1152,74,0,0
BRDA:1152,74,1,1
BRDA:1168,75,0,0
BRDA:1168,75,1,0
BRDA:1169,76,0,0
BRDA:1169,76,1,0
BRDA:1173,77,0,0
BRDA:1173,77,1,0
BRDA:1198,78,0,0
BRDA:1198,78,1,1
BRDA:1198,79,0,1
BRDA:1198,79,1,1
BRDA:1201,80,0,0
BRDA:1201,80,1,1
BRDA:1218,81,0,0
BRDA:1218,81,1,1
BRDA:1219,82,0,0
BRDA:1219,82,1,1
BRDA:1220,83,0,0
BRDA:1220,83,1,1
BRDA:1234,84,0,0
BRDA:1234,84,1,1
BRDA:1251,85,0,0
BRDA:1251,85,1,1
BRDA:1252,86,0,0
BRDA:1252,86,1,0
BRDA:1253,87,0,0
BRDA:1253,87,1,0
BRDA:1265,88,0,0
BRDA:1265,88,1,1
BRDA:1277,89,0,0
BRDA:1277,89,1,1
BRDA:1278,90,0,0
BRDA:1278,90,1,1
BRDA:1302,91,0,0
BRDA:1302,91,1,0
BRDA:1317,92,0,0
BRDA:1317,92,1,0
BRDA:1321,93,0,0
BRDA:1321,93,1,0
BRDA:1358,94,0,0
BRDA:1358,94,1,0
BRDA:1361,95,0,0
BRDA:1361,95,1,0
BRDA:1383,96,0,0
BRDA:1383,96,1,0
BRDA:1388,97,0,0
BRDA:1388,97,1,0
BRDA:1389,98,0,0
BRDA:1389,98,1,0
BRDA:1389,98,2,0
BRDA:1403,99,0,0
BRDA:1403,99,1,0
BRDA:1404,100,0,0
BRDA:1404,100,1,0
BRDA:1420,101,0,0
BRDA:1420,101,1,0
BRDA:1423,102,0,0
BRDA:1423,102,1,0
BRDA:1461,103,0,0
BRDA:1461,103,1,0
BRDA:1493,104,0,0
BRDA:1493,104,1,0
BRDA:1497,105,0,0
BRDA:1497,105,1,0
BRDA:1504,106,0,0
BRDA:1504,106,1,0
BRDA:1508,107,0,0
BRDA:1508,107,1,0
BRDA:1516,108,0,0
BRDA:1516,108,1,0
BRDA:1535,109,0,0
BRDA:1535,109,1,0
BRDA:1547,110,0,0
BRDA:1547,110,1,0
BRDA:1573,111,0,0
BRDA:1573,111,1,0
BRDA:1604,112,0,0
BRDA:1604,112,1,0
BRDA:1623,113,0,0
BRDA:1623,113,1,0
BRDA:1635,114,0,0
BRDA:1635,114,1,0
BRDA:1659,115,0,0
BRDA:1659,115,1,0
BRDA:1660,116,0,0
BRDA:1660,116,1,0
BRDA:1742,117,0,0
BRDA:1742,117,1,0
BRDA:1746,118,0,0
BRDA:1746,118,1,0
BRDA:1764,119,0,0
BRDA:1764,119,1,0
BRDA:1770,120,0,0
BRDA:1770,120,1,0
BRDA:1798,121,0,0
BRDA:1798,121,1,0
BRDA:1802,122,0,0
BRDA:1802,122,1,0
BRDA:1810,123,0,0
BRDA:1810,123,1,0
BRDA:1815,124,0,0
BRDA:1815,124,1,0
BRDA:1824,125,0,0
BRDA:1824,125,1,0
BRDA:1833,126,0,0
BRDA:1833,126,1,0
BRDA:1842,127,0,0
BRDA:1842,127,1,0
BRDA:1866,128,0,0
BRDA:1866,128,1,0
BRDA:1870,129,0,0
BRDA:1870,129,1,0
BRDA:1871,130,0,0
BRDA:1871,130,1,0
BRDA:1886,131,0,0
BRDA:1886,131,1,0
BRDA:1887,132,0,0
BRDA:1887,132,1,0
BRDA:1910,133,0,0
BRDA:1910,133,1,0
BRDA:1910,134,0,0
BRDA:1910,134,1,0
BRDA:1910,134,2,0
BRDA:1937,135,0,0
BRDA:1937,135,1,0
BRDA:1956,136,0,0
BRDA:1956,136,1,0
BRDA:1956,137,0,0
BRDA:1956,137,1,0
BRDA:2005,138,0,0
BRDA:2005,138,1,0
BRDA:2006,139,0,0
BRDA:2006,139,1,0
BRDA:2027,140,0,0
BRDA:2027,140,1,0
BRDA:2028,141,0,0
BRDA:2028,141,1,0
BRDA:2049,142,0,0
BRDA:2049,142,1,0
BRDA:2050,143,0,0
BRDA:2050,143,1,0
BRDA:2099,144,0,0
BRDA:2099,144,1,0
BRDA:2126,145,0,0
BRDA:2126,145,1,0
BRDA:2126,146,0,0
BRDA:2126,146,1,0
BRDA:2127,147,0,0
BRDA:2127,147,1,0
BRDA:2128,148,0,0
BRDA:2128,148,1,0
BRDA:2129,149,0,0
BRDA:2129,149,1,0
BRDA:2130,150,0,0
BRDA:2130,150,1,0
BRDA:2140,151,0,0
BRDA:2140,151,1,0
BRDA:2167,152,0,0
BRDA:2167,152,1,0
BRDA:2167,153,0,0
BRDA:2167,153,1,0
BRDA:2168,154,0,0
BRDA:2168,154,1,0
BRDA:2169,155,0,0
BRDA:2169,155,1,0
BRDA:2170,156,0,0
BRDA:2170,156,1,0
BRDA:2171,157,0,0
BRDA:2171,157,1,0
BRDA:2209,158,0,0
BRDA:2209,158,1,0
BRDA:2209,158,2,0
BRDA:2209,158,3,0
BRDA:2222,159,0,0
BRDA:2222,159,1,0
BRDA:2223,160,0,0
BRDA:2223,160,1,0
BRDA:2225,161,0,0
BRDA:2225,161,1,0
BRDA:2310,162,0,0
BRDA:2310,162,1,0
BRDA:256,163,0,0
BRDA:256,163,1,0
BRDA:282,164,0,0
BRDA:282,164,1,0
BRDA:325,165,0,0
BRDA:325,165,1,0
BRDA:336,166,0,0
BRDA:336,166,1,0
BRDA:344,167,0,0
BRDA:344,167,1,0
BRDA:379,168,0,0
BRDA:379,168,1,0
BRDA:396,169,0,0
BRDA:396,169,1,0
BRDA:439,170,0,0
BRDA:439,170,1,1
BRDA:447,171,0,0
BRDA:447,171,1,0
BRDA:449,172,0,0
BRDA:449,172,1,0
BRDA:473,173,0,0
BRDA:473,173,1,0
BRDA:474,174,0,0
BRDA:474,174,1,0
BRDA:492,175,0,1
BRDA:492,175,1,0
BRDA:516,176,0,0
BRDA:516,176,1,0
BRDA:521,177,0,0
BRDA:521,177,1,0
BRDA:549,178,0,0
BRDA:549,178,1,0
BRDA:559,179,0,0
BRDA:559,179,1,0
BRDA:569,180,0,0
BRDA:569,180,1,0
BRDA:592,181,0,0
BRDA:592,181,1,0
BRDA:673,182,0,0
BRDA:673,182,1,0
BRDA:685,183,0,0
BRDA:685,183,1,0
BRDA:686,184,0,0
BRDA:686,184,1,0
BRDA:686,184,2,0
BRDA:746,185,0,0
BRDA:746,185,1,1
BRDA:751,186,0,0
BRDA:751,186,1,1
BRDA:762,187,0,1
BRDA:762,187,1,0
BRDA:763,188,0,0
BRDA:763,188,1,1
BRDA:769,189,0,1
BRDA:769,189,1,0
BRDA:783,190,0,1
BRDA:783,190,1,1
BRDA:814,191,0,1
BRDA:814,191,1,0
BRDA:823,192,0,1
BRDA:823,192,1,0
BRDA:824,193,0,1
BRDA:824,193,1,0
BRDA:826,194,0,0
BRDA:826,194,1,1
BRDA:837,195,0,1
BRDA:837,195,1,0
BRDA:838,196,0,1
BRDA:838,196,1,0
BRDA:840,197,0,1
BRDA:840,197,1,0
BRDA:851,198,0,1
BRDA:851,198,1,0
BRDA:852,199,0,0
BRDA:852,199,1,1
BRDA:862,200,0,0
BRDA:862,200,1,0
BRDA:865,201,0,0
BRDA:865,201,1,1
BRDA:880,202,0,0
BRDA:880,202,1,0
BRDA:903,203,0,2
BRDA:903,203,1,0
BRDA:904,204,0,2
BRDA:904,204,1,0
BRDA:904,205,0,1
BRDA:904,205,1,1
BRDA:910,206,0,1
BRDA:910,206,1,0
BRDA:911,207,0,1
BRDA:911,207,1,0
BRDA:935,208,0,2
BRDA:935,208,1,0
BRDA:968,209,0,1
BRDA:968,209,1,0
BRDA:968,210,0,1
BRDA:968,210,1,0
BRDA:969,211,0,1
BRDA:969,211,1,0
BRDA:989,212,0,1
BRDA:989,212,1,1
BRDA:990,213,0,1
BRDA:990,213,1,0
BRDA:991,214,0,0
BRDA:991,214,1,0
BRDA:1004,215,0,0
BRDA:1004,215,1,0
BRDA:1023,216,0,0
BRDA:1023,216,1,0
BRDA:1052,217,0,0
BRDA:1052,217,1,0
BRDA:1053,218,0,0
BRDA:1053,218,1,0
BRDA:1056,219,0,0
BRDA:1056,219,1,0
BRDA:1074,220,0,1
BRDA:1074,220,1,1
BRDA:1085,221,0,1
BRDA:1085,221,1,0
BRDA:1085,222,0,0
BRDA:1085,222,1,1
BRDA:1093,223,0,0
BRDA:1093,223,1,1
BRDA:1114,224,0,0
BRDA:1114,224,1,0
BRDA:1115,225,0,0
BRDA:1115,225,1,0
BRDA:1139,226,0,0
BRDA:1139,226,1,1
BRDA:1155,227,0,0
BRDA:1155,227,1,1
BRDA:1156,228,0,0
BRDA:1156,228,1,1
BRDA:1160,229,0,0
BRDA:1160,229,1,1
BRDA:1185,230,0,0
BRDA:1185,230,1,1
BRDA:1185,231,0,1
BRDA:1185,231,1,1
BRDA:1188,232,0,0
BRDA:1188,232,1,0
BRDA:1205,233,0,0
BRDA:1205,233,1,0
BRDA:1206,234,0,0
BRDA:1206,234,1,0
BRDA:1207,235,0,0
BRDA:1207,235,1,0
BRDA:1221,236,0,0
BRDA:1221,236,1,1
BRDA:1238,237,0,0
BRDA:1238,237,1,0
BRDA:1239,238,0,0
BRDA:1239,238,1,0
BRDA:1240,239,0,0
BRDA:1240,239,1,0
BRDA:1252,240,0,0
BRDA:1252,240,1,1
BRDA:1264,241,0,0
BRDA:1264,241,1,1
BRDA:1265,242,0,0
BRDA:1265,242,1,0
BRDA:1289,243,0,0
BRDA:1289,243,1,1
BRDA:1304,244,0,0
BRDA:1304,244,1,0
BRDA:1308,245,0,0
BRDA:1308,245,1,0
BRDA:1345,246,0,0
BRDA:1345,246,1,0
BRDA:1348,247,0,0
BRDA:1348,247,1,0
BRDA:1370,248,0,0
BRDA:1370,248,1,0
BRDA:1375,249,0,0
BRDA:1375,249,1,0
BRDA:1376,250,0,0
BRDA:1376,250,1,0
BRDA:1376,250,2,0
BRDA:1390,251,0,0
BRDA:1390,251,1,0
BRDA:1391,252,0,0
BRDA:1391,252,1,0
BRDA:1407,253,0,0
BRDA:1407,253,1,0
BRDA:1410,254,0,0
BRDA:1410,254,1,0
BRDA:1448,255,0,0
BRDA:1448,255,1,0
BRDA:1480,256,0,0
BRDA:1480,256,1,0
BRDA:1484,257,0,0
BRDA:1484,257,1,0
BRDA:1491,258,0,0
BRDA:1491,258,1,0
BRDA:1495,259,0,0
BRDA:1495,259,1,0
BRDA:1503,260,0,0
BRDA:1503,260,1,0
BRDA:1522,261,0,0
BRDA:1522,261,1,0
BRDA:1534,262,0,0
BRDA:1534,262,1,0
BRDA:1560,263,0,0
BRDA:1560,263,1,0
BRDA:1591,264,0,0
BRDA:1591,264,1,0
BRDA:1610,265,0,0
BRDA:1610,265,1,0
BRDA:1622,266,0,0
BRDA:1622,266,1,0
BRDA:1646,267,0,0
BRDA:1646,267,1,0
BRDA:1647,268,0,0
BRDA:1647,268,1,0
BRDA:1729,269,0,0
BRDA:1729,269,1,0
BRDA:1733,270,0,0
BRDA:1733,270,1,0
BRDA:1751,271,0,0
BRDA:1751,271,1,0
BRDA:1757,272,0,0
BRDA:1757,272,1,0
BRDA:1785,273,0,0
BRDA:1785,273,1,0
BRDA:1789,274,0,0
BRDA:1789,274,1,0
BRDA:1797,275,0,0
BRDA:1797,275,1,0
BRDA:1802,276,0,0
BRDA:1802,276,1,0
BRDA:1811,277,0,0
BRDA:1811,277,1,0
BRDA:1820,278,0,0
BRDA:1820,278,1,0
BRDA:1829,279,0,0
BRDA:1829,279,1,0
BRDA:1853,280,0,0
BRDA:1853,280,1,0
BRDA:1857,281,0,0
BRDA:1857,281,1,0
BRDA:1858,282,0,0
BRDA:1858,282,1,0
BRDA:1873,283,0,0
BRDA:1873,283,1,0
BRDA:1874,284,0,0
BRDA:1874,284,1,0
BRDA:1897,285,0,0
BRDA:1897,285,1,0
BRDA:1897,286,0,0
BRDA:1897,286,1,0
BRDA:1897,286,2,0
BRDA:1924,287,0,0
BRDA:1924,287,1,0
BRDA:1943,288,0,0
BRDA:1943,288,1,0
BRDA:1943,289,0,0
BRDA:1943,289,1,0
BRDA:1992,290,0,0
BRDA:1992,290,1,0
BRDA:1993,291,0,0
BRDA:1993,291,1,0
BRDA:2014,292,0,0
BRDA:2014,292,1,0
BRDA:2015,293,0,0
BRDA:2015,293,1,0
BRDA:2036,294,0,0
BRDA:2036,294,1,0
BRDA:2037,295,0,0
BRDA:2037,295,1,0
BRDA:2086,296,0,0
BRDA:2086,296,1,0
BRDA:2113,297,0,0
BRDA:2113,297,1,0
BRDA:2113,298,0,0
BRDA:2113,298,1,0
BRDA:2114,299,0,0
BRDA:2114,299,1,0
BRDA:2115,300,0,0
BRDA:2115,300,1,0
BRDA:2116,301,0,0
BRDA:2116,301,1,0
BRDA:2117,302,0,0
BRDA:2117,302,1,0
BRDA:2127,303,0,0
BRDA:2127,303,1,0
BRDA:2154,304,0,0
BRDA:2154,304,1,0
BRDA:2154,305,0,0
BRDA:2154,305,1,0
BRDA:2155,306,0,0
BRDA:2155,306,1,0
BRDA:2156,307,0,0
BRDA:2156,307,1,0
BRDA:2157,308,0,0
BRDA:2157,308,1,0
BRDA:2158,309,0,0
BRDA:2158,309,1,0
BRDA:2196,310,0,0
BRDA:2196,310,1,0
BRDA:2196,310,2,0
BRDA:2196,310,3,0
BRDA:2209,311,0,0
BRDA:2209,311,1,0
BRDA:2210,312,0,0
BRDA:2210,312,1,0
BRDA:2212,313,0,0
BRDA:2212,313,1,0
BRDA:2297,314,0,0
BRDA:2297,314,1,0
BRDA:256,315,0,0
BRDA:256,315,1,0
BRDA:282,316,0,0
BRDA:282,316,1,0
BRDA:329,317,0,0
BRDA:329,317,1,0
BRDA:340,318,0,0
BRDA:340,318,1,0
BRDA:348,319,0,0
BRDA:348,319,1,0
BRDA:383,320,0,0
BRDA:383,320,1,0
BRDA:400,321,0,0
BRDA:400,321,1,0
BRDA:443,322,0,0
BRDA:443,322,1,0
BRDA:451,323,0,0
BRDA:451,323,1,0
BRDA:453,324,0,0
BRDA:453,324,1,0
BRDA:477,325,0,0
BRDA:477,325,1,0
BRDA:478,326,0,0
BRDA:478,326,1,0
BRDA:496,327,0,0
BRDA:496,327,1,0
BRDA:520,328,0,0
BRDA:520,328,1,0
BRDA:525,329,0,0
BRDA:525,329,1,0
BRDA:553,330,0,0
BRDA:553,330,1,0
BRDA:563,331,0,0
BRDA:563,331,1,0
BRDA:573,332,0,0
BRDA:573,332,1,0
BRDA:596,333,0,0
BRDA:596,333,1,0
BRDA:677,334,0,0
BRDA:677,334,1,0
BRDA:689,335,0,0
BRDA:689,335,1,0
BRDA:690,336,0,0
BRDA:690,336,1,0
BRDA:690,336,2,0
BRDA:750,337,0,0
BRDA:750,337,1,0
BRDA:755,338,0,0
BRDA:755,338,1,0
BRDA:766,339,0,0
BRDA:766,339,1,0
BRDA:767,340,0,0
BRDA:767,340,1,0
BRDA:773,341,0,0
BRDA:773,341,1,0
BRDA:787,342,0,1
BRDA:787,342,1,0
BRDA:818,343,0,0
BRDA:818,343,1,0
BRDA:827,344,0,1
BRDA:827,344,1,0
BRDA:828,345,0,1
BRDA:828,345,1,0
BRDA:830,346,0,1
BRDA:830,346,1,0
BRDA:841,347,0,1
BRDA:841,347,1,0
BRDA:842,348,0,1
BRDA:842,348,1,0
BRDA:844,349,0,1
BRDA:844,349,1,0
BRDA:855,350,0,0
BRDA:855,350,1,0
BRDA:856,351,0,1
BRDA:856,351,1,0
BRDA:866,352,0,1
BRDA:866,352,1,1
BRDA:869,353,0,1
BRDA:869,353,1,1
BRDA:884,354,0,1
BRDA:884,354,1,0
BRDA:907,355,0,1
BRDA:907,355,1,0
BRDA:908,356,0,1
BRDA:908,356,1,0
BRDA:908,357,0,2
BRDA:908,357,1,0
BRDA:914,358,0,2
BRDA:914,358,1,0
BRDA:915,359,0,2
BRDA:915,359,1,0
BRDA:939,360,0,2
BRDA:939,360,1,0
BRDA:972,361,0,2
BRDA:972,361,1,0
BRDA:972,362,0,1
BRDA:972,362,1,0
BRDA:973,363,0,2
BRDA:973,363,1,0
BRDA:993,364,0,1
BRDA:993,364,1,0
BRDA:994,365,0,1
BRDA:994,365,1,0
BRDA:995,366,0,1
BRDA:995,366,1,0
BRDA:1008,367,0,1
BRDA:1008,367,1,0
BRDA:1027,368,0,1
BRDA:1027,368,1,0
BRDA:1056,369,0,1
BRDA:1056,369,1,0
BRDA:1057,370,0,0
BRDA:1057,370,1,0
BRDA:1060,371,0,1
BRDA:1060,371,1,0
BRDA:1078,372,0,1
BRDA:1078,372,1,0
BRDA:1089,373,0,0
BRDA:1089,373,1,1
BRDA:1089,374,0,1
BRDA:1089,374,1,0
BRDA:1097,375,0,1
BRDA:1097,375,1,0
BRDA:1118,376,0,0
BRDA:1118,376,1,0
BRDA:1119,377,0,1
BRDA:1119,377,1,0
BRDA:1143,378,0,0
BRDA:1143,378,1,0
BRDA:1159,379,0,0
BRDA:1159,379,1,1
BRDA:1160,380,0,0
BRDA:1160,380,1,1
BRDA:1164,381,0,0
BRDA:1164,381,1,1
BRDA:1189,382,0,0
BRDA:1189,382,1,0
BRDA:1189,383,0,0
BRDA:1189,383,1,0
BRDA:1192,384,0,0
BRDA:1192,384,1,1
BRDA:1209,385,0,0
BRDA:1209,385,1,1
BRDA:1210,386,0,0
BRDA:1210,386,1,1
BRDA:1211,387,0,0
BRDA:1211,387,1,1
BRDA:1225,388,0,0
BRDA:1225,388,1,1
BRDA:1242,389,0,0
BRDA:1242,389,1,1
BRDA:1243,390,0,0
BRDA:1243,390,1,1
BRDA:1244,391,0,0
BRDA:1244,391,1,1
BRDA:1256,392,0,0
BRDA:1256,392,1,1
BRDA:1268,393,0,0
BRDA:1268,393,1,1
BRDA:1269,394,0,0
BRDA:1269,394,1,1
BRDA:1293,395,0,0
BRDA:1293,395,1,1
BRDA:1308,396,0,0
BRDA:1308,396,1,0
BRDA:1312,397,0,0
BRDA:1312,397,1,0
BRDA:1349,398,0,0
BRDA:1349,398,1,0
BRDA:1352,399,0,0
BRDA:1352,399,1,0
BRDA:1374,400,0,0
BRDA:1374,400,1,0
BRDA:1379,401,0,0
BRDA:1379,401,1,0
BRDA:1380,402,0,0
BRDA:1380,402,1,0
BRDA:1380,402,2,0
BRDA:1394,403,0,0
BRDA:1394,403,1,0
BRDA:1395,404,0,0
BRDA:1395,404,1,0
BRDA:1411,405,0,0
BRDA:1411,405,1,0
BRDA:1414,406,0,0
BRDA:1414,406,1,0
BRDA:1452,407,0,0
BRDA:1452,407,1,0
BRDA:1488,408,0,0
BRDA:1488,408,1,0
BRDA:1495,409,0,0
BRDA:1495,409,1,0
BRDA:1499,410,0,0
BRDA:1499,410,1,0
BRDA:1507,411,0,0
BRDA:1507,411,1,0
BRDA:1526,412,0,0
BRDA:1526,412,1,0
BRDA:1538,413,0,0
BRDA:1538,413,1,0
BRDA:1564,414,0,0
BRDA:1564,414,1,0
BRDA:1595,415,0,0
BRDA:1595,415,1,0
BRDA:1614,416,0,0
BRDA:1614,416,1,0
BRDA:1626,417,0,0
BRDA:1626,417,1,0
BRDA:1650,418,0,0
BRDA:1650,418,1,0
BRDA:1651,419,0,0
BRDA:1651,419,1,0
BRDA:1737,420,0,0
BRDA:1737,420,1,0
BRDA:1755,421,0,0
BRDA:1755,421,1,0
BRDA:1761,422,0,0
BRDA:1761,422,1,0
BRDA:1793,423,0,0
BRDA:1793,423,1,0
BRDA:1801,424,0,0
BRDA:1801,424,1,0
BRDA:1806,425,0,0
BRDA:1806,425,1,0
BRDA:1815,426,0,0
BRDA:1815,426,1,0
BRDA:1824,427,0,0
BRDA:1824,427,1,0
[...]
FNDA:0,(anonymous_1)
FNDA:0,(anonymous_2)
FNDA:0,(anonymous_3)
FNDA:0,(anonymous_4)
FNDA:0,(anonymous_5)
FNDA:0,(anonymous_6)
FNDA:0,(anonymous_7)
FNDA:0,(anonymous_8)
FNDA:0,(anonymous_9)
FNDA:0,(anonymous_10)
FNDA:0,(anonymous_11)
DA:18,16
DA:20,16
DA:21,16
DA:23,16
DA:24,0
DA:27,16
DA:28,0
DA:29,0
DA:33,0
DA:35,0
DA:41,0
DA:42,0
DA:46,0
DA:61,0
DA:67,0
DA:69,0
DA:73,16
DA:74,0
DA:75,0
DA:76,0
DA:77,0
DA:78,0
DA:83,0
DA:84,0
DA:88,0
DA:91,0
DA:97,0
DA:112,0
DA:122,0
DA:125,16
DA:126,0
DA:127,0
DA:128,0
DA:129,0
DA:130,0
DA:131,0
DA:134,0
DA:138,0
DA:143,0
DA:146,0
DA:149,0
DA:153,0
DA:162,0
DA:173,0
DA:177,16
DA:178,0
DA:180,0
DA:186,0
DA:194,0
DA:197,16
DA:199,0
DA:200,0
DA:214,0
DA:218,16
DA:220,0
DA:221,0
DA:237,0
DA:241,16
DA:243,0
DA:244,0
DA:249,0
DA:257,0
DA:261,16
DA:263,0
DA:264,0
DA:265,0
DA:266,0
DA:282,0
DA:290,0
DA:294,16
DA:296,0
DA:297,0
DA:298,0
DA:299,0
DA:315,0
DA:323,0
DA:327,16
DA:329,0
DA:330,0
DA:331,0
DA:332,0
DA:344,0
DA:352,0
DA:356,16
DA:358,0
DA:359,0
DA:360,0
DA:361,0
DA:362,0
DA:365,0
DA:366,0
DA:367,0
DA:371,0
DA:378,0
DA:379,0
DA:384,16
LF:96
LH:16
BRDA:61,0,0,0
BRDA:61,0,1,0
BRDA:62,1,0,0
BRDA:62,1,1,0
BRDA:62,1,2,0
BRDA:62,1,3,0
BRDA:91,2,0,0
BRDA:91,2,1,0
BRDA:92,3,0,0
BRDA:92,3,1,0
BRDA:92,3,2,0
BRDA:92,3,3,0
BRDA:130,4,0,0
BRDA:130,4,1,0
BRDA:131,5,0,0
BRDA:131,5,1,0
BRDA:146,6,0,0
BRDA:146,6,1,0
BRDA:268,7,0,0
BRDA:268,7,1,0
BRDA:301,8,0,0
BRDA:301,8,1,0
BRDA:334,9,0,0
BRDA:334,9,1,0
BRDA:365,10,0,0
BRDA:365,10,1,0
BRDA:378,11,0,0
BRDA:378,11,1,0
BRF:28
BRH:0
end_of_record
TN:
SF:services\students.js
FN:15,(anonymous_0)
FN:21,(anonymous_1)
FN:32,(anonymous_2)
FNF:3
FNH:1
FNDA:0,(anonymous_0)
FNDA:0,(anonymous_1)
FNDA:1,(anonymous_2)
DA:1,16
DA:6,16
DA:16,0
DA:18,0
DA:21,0
DA:22,0
DA:26,0
DA:27,0
DA:30,0
DA:33,1
DA:50,16
LF:11
LH:4
BRDA:15,0,0,0
BRDA:15,1,0,0
BRDA:26,2,0,0
BRDA:26,2,1,0
BRF:4
BRH:0
end_of_record
TN:
SF:services\email\complaints.js
FN:5,(anonymous_0)
FN:35,(anonymous_1)
FN:64,(anonymous_2)
FN:85,(anonymous_3)
FNF:4
FNH:1
FNDA:0,(anonymous_0)
FNDA:1,(anonymous_1)
FNDA:0,(anonymous_2)
FNDA:0,(anonymous_3)
DA:1,16
DA:2,16
DA:5,16
DA:6,0
DA:7,0
DA:8,0
DA:12,0
DA:31,0
DA:35,16
DA:39,1
DA:40,1
DA:44,1
DA:60,1
DA:64,16
DA:65,0
DA:66,0
DA:70,0
DA:81,0
DA:85,16
DA:86,0
DA:87,0
DA:91,0
DA:102,0
DA:105,16
LF:24
LH:11
BRF:0
BRH:0
end_of_record
TN:
SF:services\email\configuration.js
FN:31,(anonymous_0)
FN:32,(anonymous_1)
FN:42,(anonymous_2)
FNF:3
FNH:1
FNDA:17,(anonymous_0)
FNDA:0,(anonymous_1)
FNDA:0,(anonymous_2)
DA:1,16
DA:9,16
DA:10,16
DA:11,16
DA:12,16
DA:14,16
DA:30,16
DA:33,0
DA:42,0
DA:45,16
LF:10
LH:8
BRDA:14,0,0,0
BRDA:14,0,1,16
BRDA:30,1,0,16
BRDA:30,1,1,0
BRF:4
BRH:2
end_of_record
TN:
SF:services\openai\index.js
FNF:0
FNH:0
DA:1,16
DA:3,16
DA:5,16
DA:7,16
DA:12,16
LF:5
LH:5
BRF:0
BRH:0
end_of_record
TN:
SF:utils\NotoSansTC-VariableFont_wght-normal.js
FNF:0
FNH:0
DA:2,16
DA:4,16
LF:2
LH:2
BRF:0
BRH:0
end_of_record
TN:
SF:utils\informEditor.js
FN:13,(anonymous_0)
FN:37,(anonymous_1)
FN:59,(anonymous_2)
FN:66,(anonymous_3)
FN:69,(anonymous_4)
FN:98,(anonymous_5)
FN:102,(anonymous_6)
FN:119,(anonymous_7)
FN:156,(anonymous_8)
FN:158,(anonymous_9)
FN:164,(anonymous_10)
FN:166,(anonymous_11)
FNF:12
FNH:0
FNDA:0,(anonymous_0)
FNDA:0,(anonymous_1)
FNDA:0,(anonymous_2)
FNDA:0,(anonymous_3)
FNDA:0,(anonymous_4)
FNDA:0,(anonymous_5)
FNDA:0,(anonymous_6)
FNDA:0,(anonymous_7)
FNDA:0,(anonymous_8)
FNDA:0,(anonymous_9)
FNDA:0,(anonymous_10)
FNDA:0,(anonymous_11)
DA:1,16
DA:3,16
DA:8,16
DA:9,16
DA:10,16
DA:12,16
DA:14,0
DA:15,0
DA:16,0
DA:18,0
DA:26,0
DA:31,0
DA:32,0
DA:33,0
DA:37,16
DA:38,0
DA:59,16
DA:60,0
DA:61,0
DA:66,0
DA:68,0
DA:70,0
DA:86,0
DA:94,0
DA:95,0
DA:98,0
DA:101,0
DA:103,0
DA:119,16
DA:121,0
DA:124,0
DA:131,0
DA:132,0
DA:135,0
DA:141,0
DA:142,0
DA:143,0
DA:144,0
DA:145,0
DA:146,0
DA:147,0
DA:148,0
DA:152,0
DA:153,0
DA:155,0
DA:156,0
DA:157,0
DA:159,0
DA:164,0
DA:165,0
DA:167,0
DA:168,0
DA:170,0
DA:175,0
DA:185,0
DA:191,16
LF:56
LH:10
BRDA:15,0,0,0
BRDA:15,0,1,0
BRDA:94,1,0,0
BRDA:94,1,1,0
BRDA:94,2,0,0
BRDA:94,2,1,0
BRDA:131,3,0,0
BRDA:131,3,1,0
BRDA:143,4,0,0
BRDA:143,4,1,0
BRDA:147,5,0,0
BRDA:147,5,1,0
BRDA:152,6,0,0
BRDA:152,6,1,0
BRDA:155,7,0,0
BRDA:155,7,1,0
BRDA:167,8,0,0
BRDA:167,8,1,0
BRF:18
BRH:0
end_of_record
TN:
SF:utils\queryFunctions.js
FN:7,(anonymous_0)
FN:33,(anonymous_1)
FNF:2
FNH:1
FNDA:3,(anonymous_0)
FNDA:0,(anonymous_1)
DA:1,18
DA:2,18
DA:3,18
DA:7,18
DA:8,3
DA:11,3
DA:12,2
DA:19,2
DA:23,2
DA:24,2
DA:25,2
DA:30,3
DA:33,18
DA:34,0
DA:35,0
DA:36,0
DA:42,0
DA:46,0
DA:47,0
DA:48,0
DA:51,0
DA:54,18
LF:22
LH:14
BRDA:11,0,0,2
BRDA:11,0,1,1
BRDA:23,1,0,2
BRDA:23,1,1,0
BRDA:35,2,0,0
BRDA:35,2,1,0
BRDA:46,3,0,0
BRDA:46,3,1,0
BRF:8
BRH:3
end_of_record
TN:
SF:utils\utils_function.js
FN:43,(anonymous_0)
FN:92,(anonymous_1)
FN:120,(anonymous_2)
FN:168,(anonymous_3)
FN:173,(anonymous_4)
FN:209,(anonymous_5)
FN:245,(anonymous_6)
FN:276,(anonymous_7)
FN:286,(anonymous_8)
FN:304,(anonymous_9)
FN:339,(anonymous_10)
FN:346,(anonymous_11)
FN:434,(anonymous_12)
FN:513,(anonymous_13)
FN:528,(anonymous_14)
FN:577,(anonymous_15)
FN:669,(anonymous_16)
FN:679,(anonymous_17)
FN:680,(anonymous_18)
FN:791,(anonymous_19)
FN:834,(anonymous_20)
FN:911,(anonymous_21)
FN:974,CalculateInterval
FN:980,(anonymous_23)
FN:987,(anonymous_24)
FN:1009,(anonymous_25)
FN:1070,(anonymous_26)
FN:1078,(anonymous_27)
FN:1126,(anonymous_28)
FN:1134,(anonymous_29)
FN:1186,(anonymous_30)
FN:1209,(anonymous_31)
FN:1238,(anonymous_32)
FN:1256,(anonymous_33)
FN:1300,(anonymous_34)
FN:1309,(anonymous_35)
FN:1330,(anonymous_36)
FN:1331,(anonymous_37)
FN:1332,(anonymous_38)
FN:1348,(anonymous_39)
FN:1351,(anonymous_40)
FN:1354,(anonymous_41)
FN:1362,(anonymous_42)
FN:1426,(anonymous_43)
FN:1436,(anonymous_44)
FN:1459,(anonymous_45)
FN:1474,(anonymous_46)
FN:1521,(anonymous_47)
FN:1539,(anonymous_48)
FN:1542,(anonymous_49)
FN:1547,(anonymous_50)
FN:1561,(anonymous_51)
FN:1567,(anonymous_52)
FN:1570,(anonymous_53)
FN:1576,(anonymous_54)
FN:1585,(anonymous_55)
FNF:56
FNH:6
FNDA:0,(anonymous_0)
FNDA:0,(anonymous_1)
FNDA:0,(anonymous_2)
FNDA:0,(anonymous_3)
FNDA:0,(anonymous_4)
FNDA:0,(anonymous_5)
FNDA:0,(anonymous_6)
FNDA:0,(anonymous_7)
FNDA:0,(anonymous_8)
FNDA:0,(anonymous_9)
FNDA:0,(anonymous_10)
FNDA:0,(anonymous_11)
FNDA:0,(anonymous_12)
FNDA:0,(anonymous_13)
FNDA:0,(anonymous_14)
FNDA:0,(anonymous_15)
FNDA:0,(anonymous_16)
FNDA:0,(anonymous_17)
FNDA:0,(anonymous_18)
FNDA:5,(anonymous_19)
FNDA:0,(anonymous_20)
FNDA:0,(anonymous_21)
FNDA:0,CalculateInterval
FNDA:0,(anonymous_23)
FNDA:0,(anonymous_24)
FNDA:0,(anonymous_25)
FNDA:0,(anonymous_26)
FNDA:0,(anonymous_27)
FNDA:0,(anonymous_28)
FNDA:0,(anonymous_29)
FNDA:0,(anonymous_30)
FNDA:0,(anonymous_31)
FNDA:0,(anonymous_32)
FNDA:0,(anonymous_33)
FNDA:0,(anonymous_34)
FNDA:0,(anonymous_35)
FNDA:0,(anonymous_36)
FNDA:0,(anonymous_37)
FNDA:0,(anonymous_38)
FNDA:0,(anonymous_39)
FNDA:0,(anonymous_40)
FNDA:0,(anonymous_41)
FNDA:0,(anonymous_42)
FNDA:0,(anonymous_43)
FNDA:0,(anonymous_44)
FNDA:0,(anonymous_45)
FNDA:0,(anonymous_46)
FNDA:0,(anonymous_47)
FNDA:3,(anonymous_48)
FNDA:4,(anonymous_49)
FNDA:4,(anonymous_50)
FNDA:0,(anonymous_51)
FNDA:4,(anonymous_52)
FNDA:0,(anonymous_53)
FNDA:4,(anonymous_54)
FNDA:0,(anonymous_55)
DA:1,16
DA:2,16
DA:3,16
DA:4,16
DA:5,16
DA:13,16
DA:27,16
DA:28,16
DA:35,16
DA:36,16
DA:37,16
DA:38,16
DA:39,16
DA:40,16
DA:43,16
DA:50,0
DA:52,0
DA:53,0
DA:54,0
DA:55,0
DA:58,0
DA:62,0
DA:66,0
DA:70,0
DA:71,0
DA:72,0
DA:73,0
DA:74,0
DA:75,0
DA:76,0
DA:77,0
DA:81,0
DA:85,0
DA:87,0
DA:91,0
DA:92,0
DA:93,0
DA:94,0
DA:95,0
DA:97,0
DA:98,0
DA:99,0
DA:100,0
DA:104,0
DA:105,0
DA:108,0
DA:109,0
DA:112,0
DA:114,0
DA:119,0
DA:120,0
DA:121,0
DA:122,0
DA:123,0
DA:125,0
DA:126,0
DA:127,0
DA:128,0
DA:129,0
DA:132,0
DA:134,0
DA:139,0
DA:140,0
DA:145,0
DA:146,0
DA:148,0
DA:152,0
DA:153,0
DA:157,0
DA:158,0
DA:160,0
DA:163,0
DA:164,0
DA:168,16
DA:171,0
DA:173,0
DA:174,0
DA:188,0
DA:193,0
DA:204,0
DA:206,0
DA:209,16
DA:212,0
DA:214,0
DA:215,0
DA:229,0
DA:230,0
DA:231,0
DA:242,0
DA:245,16
DA:248,0
DA:262,0
DA:263,0
DA:272,0
DA:276,16
DA:277,0
DA:278,0
DA:279,0
DA:280,0
DA:281,0
DA:282,0
DA:283,0
DA:286,16
DA:289,0
DA:290,0
DA:304,0
DA:305,0
DA:306,0
DA:307,0
DA:315,0
DA:320,0
DA:321,0
DA:322,0
DA:330,0
DA:336,0
DA:339,16
DA:342,0
DA:343,0
DA:344,0
DA:346,0
DA:347,0
DA:360,0
DA:361,0
DA:362,0
DA:363,0
DA:364,0
DA:365,0
DA:368,0
DA:373,0
DA:379,0
DA:380,0
DA:381,0
DA:382,0
DA:408,0
DA:411,0
DA:412,0
DA:427,0
DA:431,0
DA:434,16
DA:437,0
DA:438,0
DA:440,0
DA:443,0
DA:444,0
DA:457,0
DA:458,0
DA:459,0
DA:460,0
DA:461,0
DA:462,0
DA:465,0
DA:470,0
DA:477,0
DA:478,0
DA:479,0
DA:482,0
DA:490,0
DA:494,0
DA:495,0
DA:496,0
DA:513,16
DA:514,0
DA:515,0
DA:516,0
DA:517,0
DA:518,0
DA:524,0
DA:527,16
DA:531,0
DA:558,0
DA:559,0
DA:560,0
DA:562,0
DA:576,16
DA:579,0
DA:580,0
DA:581,0
DA:582,0
DA:583,0
DA:646,0
DA:647,0
DA:648,0
DA:650,0
DA:651,0
DA:653,0
DA:669,16
DA:670,0
DA:672,0
DA:673,0
DA:674,0
DA:675,0
DA:679,16
DA:680,0
DA:682,0
DA:683,0
DA:684,0
DA:791,16
DA:792,5
DA:793,5
DA:794,4
DA:795,4
DA:796,0
DA:797,0
DA:803,0
DA:805,0
DA:808,0
DA:810,0
DA:811,0
DA:817,0
DA:819,0
DA:822,0
DA:825,4
DA:826,4
DA:829,4
DA:831,5
DA:834,16
DA:835,0
DA:836,0
DA:837,0
DA:839,0
DA:840,0
DA:841,0
DA:842,0
DA:843,0
DA:858,0
DA:859,0
DA:860,0
DA:862,0
DA:872,0
DA:884,0
DA:894,0
DA:906,0
DA:911,16
DA:912,0
DA:915,0
DA:916,0
DA:917,0
DA:918,0
DA:919,0
DA:934,0
DA:935,0
DA:936,0
DA:937,0
DA:952,0
DA:953,0
DA:971,0
DA:976,0
DA:977,0
DA:980,16
DA:981,0
DA:982,0
DA:987,0
DA:988,0
DA:990,0
DA:991,0
DA:993,0
DA:994,0
DA:996,0
DA:1000,0
DA:1002,0
DA:1004,0
DA:1005,0
DA:1009,16
DA:1010,0
DA:1011,0
DA:1022,0
DA:1025,0
DA:1029,0
DA:1070,16
DA:1071,0
DA:1072,0
DA:1075,0
DA:1078,0
DA:1080,0
DA:1082,0
DA:1083,0
DA:1084,0
DA:1087,0
DA:1089,0
DA:1090,0
DA:1092,0
DA:1095,0
DA:1096,0
DA:1101,0
DA:1102,0
DA:1105,0
DA:1109,0
DA:1111,0
DA:1116,0
DA:1117,0
DA:1119,0
DA:1123,0
DA:1126,16
DA:1127,0
DA:1128,0
DA:1131,0
DA:1134,0
DA:1136,0
DA:1138,0
DA:1139,0
DA:1140,0
DA:1141,0
DA:1144,0
DA:1146,0
DA:1147,0
DA:1149,0
DA:1152,0
DA:1153,0
DA:1158,0
DA:1159,0
DA:1162,0
DA:1166,0
DA:1168,0
DA:1173,0
DA:1174,0
DA:1176,0
DA:1179,0
DA:1183,0
DA:1186,16
DA:1187,0
DA:1189,0
DA:1190,0
DA:1192,0
DA:1193,0
DA:1194,0
DA:1197,0
DA:1198,0
DA:1199,0
DA:1205,0
DA:1209,16
DA:1210,0
DA:1211,0
DA:1222,0
DA:1225,0
DA:1229,0
DA:1238,16
DA:1239,0
DA:1256,16
DA:1257,0
DA:1259,0
DA:1262,0
DA:1264,0
DA:1265,0
DA:1266,0
DA:1267,0
DA:1268,0
DA:1269,0
DA:1272,0
DA:1275,0
DA:1276,0
DA:1277,0
DA:1278,0
DA:1279,0
DA:1280,0
DA:1284,0
DA:1288,0
DA:1289,0
DA:1290,0
DA:1296,0
DA:1300,16
DA:1301,0
DA:1302,0
DA:1307,0
DA:1308,0
DA:1309,0
DA:1310,0
DA:1311,0
DA:1314,0
DA:1317,0
DA:1318,0
DA:1320,0
DA:1323,0
DA:1325,0
DA:1326,0
DA:1330,16
DA:1331,0
DA:1332,0
DA:1333,0
DA:1334,0
DA:1335,0
DA:1336,0
DA:1337,0
DA:1338,0
DA:1339,0
DA:1342,0
DA:1345,0
DA:1346,0
DA:1348,0
DA:1351,16
DA:1353,0
DA:1354,0
DA:1355,0
DA:1356,0
DA:1359,0
DA:1360,0
DA:1361,0
DA:1362,0
DA:1365,0
DA:1367,0
DA:1368,0
DA:1370,0
DA:1375,0
DA:1376,0
DA:1388,0
DA:1400,0
DA:1410,0
DA:1411,0
DA:1412,0
DA:1415,0
DA:1422,0
DA:1423,0
DA:1426,16
DA:1427,0
DA:1428,0
DA:1429,0
DA:1430,0
DA:1431,0
DA:1432,0
DA:1433,0
DA:1436,16
DA:1438,0
DA:1439,0
DA:1440,0
DA:1442,0
DA:1443,0
DA:1444,0
DA:1445,0
DA:1446,0
DA:1459,0
DA:1460,0
DA:1473,16
DA:1475,0
DA:1476,0
DA:1478,0
DA:1479,0
DA:1480,0
DA:1481,0
DA:1483,0
DA:1513,0
DA:1514,0
DA:1521,0
DA:1522,0
DA:1533,0
DA:1534,0
DA:1539,16
DA:1540,3
DA:1541,3
DA:1542,4
DA:1546,3
DA:1548,4
DA:1557,3
DA:1560,3
DA:1561,0
DA:1563,3
DA:1566,3
DA:1567,4
DA:1569,3
DA:1570,0
DA:1573,3
DA:1574,3
DA:1576,3
DA:1577,4
DA:1578,4
DA:1583,4
DA:1585,0
DA:1588,4
DA:1598,3
DA:1607,16
LF:468
LH:73
BRDA:53,0,0,0
BRDA:53,0,1,0
BRDA:91,1,0,0
BRDA:91,1,1,0
BRDA:94,2,0,0
BRDA:94,2,1,0
BRDA:100,3,0,0
BRDA:100,3,1,0
BRDA:101,4,0,0
BRDA:101,4,1,0
BRDA:108,5,0,0
BRDA:108,5,1,0
BRDA:112,6,0,0
BRDA:112,6,1,0
BRDA:119,7,0,0
BRDA:119,7,1,0
BRDA:122,8,0,0
BRDA:122,8,1,0
BRDA:127,9,0,0
BRDA:127,9,1,0
BRDA:132,10,0,0
BRDA:132,10,1,0
BRDA:139,11,0,0
BRDA:139,11,1,0
BRDA:152,12,0,0
BRDA:152,12,1,0
BRDA:188,13,0,0
BRDA:188,13,1,0
BRDA:189,14,0,0
BRDA:189,14,1,0
BRDA:189,14,2,0
BRDA:229,15,0,0
BRDA:229,15,1,0
BRDA:230,16,0,0
BRDA:230,16,1,0
BRDA:305,17,0,0
BRDA:305,17,1,0
BRDA:320,18,0,0
BRDA:320,18,1,0
BRDA:360,19,0,0
BRDA:360,19,1,0
BRDA:380,20,0,0
BRDA:380,20,1,0
BRDA:380,21,0,0
BRDA:380,21,1,0
BRDA:411,22,0,0
BRDA:411,22,1,0
BRDA:457,23,0,0
BRDA:457,23,1,0
BRDA:477,24,0,0
BRDA:477,24,1,0
BRDA:478,25,0,0
BRDA:478,25,1,0
BRDA:494,26,0,0
BRDA:494,26,1,0
BRDA:559,27,0,0
BRDA:559,27,1,0
BRDA:560,28,0,0
BRDA:560,28,1,0
BRDA:647,29,0,0
BRDA:647,29,1,0
BRDA:648,30,0,0
BRDA:648,30,1,0
BRDA:651,31,0,0
BRDA:651,31,1,0
BRDA:682,32,0,0
BRDA:682,32,1,0
BRDA:683,33,0,0
BRDA:683,33,1,0
BRDA:795,34,0,0
BRDA:795,34,1,4
BRDA:796,35,0,0
BRDA:796,35,1,0
BRDA:797,36,0,0
BRDA:797,36,1,0
BRDA:798,37,0,0
BRDA:798,37,1,0
BRDA:798,37,2,0
BRDA:798,37,3,0
BRDA:810,38,0,0
BRDA:810,38,1,0
BRDA:811,39,0,0
BRDA:811,39,1,0
BRDA:812,40,0,0
BRDA:812,40,1,0
BRDA:812,40,2,0
BRDA:812,40,3,0
BRDA:858,41,0,0
BRDA:858,41,1,0
BRDA:860,42,0,0
BRDA:860,42,1,0
BRDA:934,43,0,0
BRDA:934,43,1,0
BRDA:936,44,0,0
BRDA:936,44,1,0
BRDA:952,45,0,0
BRDA:952,45,1,0
BRDA:990,46,0,0
BRDA:990,46,1,0
BRDA:990,47,0,0
BRDA:990,47,1,0
BRDA:993,48,0,0
BRDA:993,48,1,0
BRDA:1075,49,0,0
BRDA:1075,49,1,0
BRDA:1087,50,0,0
BRDA:1087,50,1,0
BRDA:1089,51,0,0
BRDA:1089,51,1,0
BRDA:1095,52,0,0
BRDA:1095,52,1,0
BRDA:1101,53,0,0
BRDA:1101,53,1,0
BRDA:1109,54,0,0
BRDA:1109,54,1,0
BRDA:1109,55,0,0
BRDA:1109,55,1,0
BRDA:1116,56,0,0
BRDA:1116,56,1,0
BRDA:1131,57,0,0
BRDA:1131,57,1,0
BRDA:1144,58,0,0
BRDA:1144,58,1,0
BRDA:1146,59,0,0
BRDA:1146,59,1,0
BRDA:1152,60,0,0
BRDA:1152,60,1,0
BRDA:1158,61,0,0
BRDA:1158,61,1,0
BRDA:1166,62,0,0
BRDA:1166,62,1,0
BRDA:1166,63,0,0
BRDA:1166,63,1,0
BRDA:1173,64,0,0
BRDA:1173,64,1,0
BRDA:1197,65,0,0
BRDA:1197,65,1,0
BRDA:1288,66,0,0
BRDA:1288,66,1,0
BRDA:1311,67,0,0
BRDA:1311,67,1,0
BRDA:1314,68,0,0
BRDA:1314,68,1,0
BRDA:1317,69,0,0
BRDA:1317,69,1,0
BRDA:1334,70,0,0
BRDA:1334,70,1,0
BRDA:1337,71,0,0
BRDA:1337,71,1,0
BRDA:1346,72,0,0
BRDA:1346,72,1,0
BRDA:1375,73,0,0
BRDA:1375,73,1,0
BRDA:1410,74,0,0
BRDA:1410,74,1,0
BRDA:1513,75,0,0
BRDA:1513,75,1,0
BRDA:1577,76,0,4
BRDA:1577,76,1,0
BRDA:1583,77,0,4
BRDA:1583,77,1,0
BRF:161
BRH:3
end_of_record
TN:
SF:utils\log\auditLog.js
FN:4,(anonymous_0)
FNF:1
FNH:1
FNDA:3,(anonymous_0)
DA:1,16
DA:2,16
DA:4,16
DA:5,3
DA:6,3
DA:8,3
DA:10,2
DA:23,2
DA:25,0
DA:29,16
LF:10
LH:9
BRDA:8,0,0,1
BRDA:8,0,1,2
BRF:2
BRH:2
end_of_record
TN:
SF:utils\log\log.js
FN:3,(anonymous_0)
FNF:1
FNH:1
FNDA:24,(anonymous_0)
DA:1,16
DA:3,16
DA:4,24
DA:5,24
DA:6,24
DA:7,24
DA:8,24
DA:9,24
DA:10,24
DA:11,24
DA:17,24
DA:19,5
DA:30,19
DA:46,16
LF:14
LH:14
BRDA:17,0,0,5
BRDA:17,0,1,19
BRF:2
BRH:2
end_of_record
TN:
SF:utils\modelHelper\programChange.js
FN:14,(anonymous_0)
FN:21,(anonymous_1)
FN:31,(anonymous_2)
FN:35,(anonymous_3)
FN:41,(anonymous_4)
FN:43,(anonymous_5)
FN:60,(anonymous_6)
FN:78,(anonymous_7)
FN:95,(anonymous_8)
FN:105,(anonymous_9)
FN:139,(anonymous_10)
FN:154,(anonymous_11)
FN:164,(anonymous_12)
FNF:13
FNH:0
FNDA:0,(anonymous_0)
FNDA:0,(anonymous_1)
FNDA:0,(anonymous_2)
FNDA:0,(anonymous_3)
FNDA:0,(anonymous_4)
FNDA:0,(anonymous_5)
FNDA:0,(anonymous_6)
FNDA:0,(anonymous_7)
FNDA:0,(anonymous_8)
FNDA:0,(anonymous_9)
FNDA:0,(anonymous_10)
FNDA:0,(anonymous_11)
FNDA:0,(anonymous_12)
DA:1,16
DA:2,16
DA:4,16
DA:14,16
DA:15,0
DA:16,0
DA:17,0
DA:20,16
DA:22,0
DA:23,0
DA:28,0
DA:29,0
DA:31,0
DA:32,0
DA:34,0
DA:35,0
DA:37,0
DA:40,0
DA:41,0
DA:42,0
DA:43,0
DA:45,0
DA:46,0
DA:47,0
DA:56,0
DA:57,0
DA:58,0
DA:59,0
DA:60,0
DA:62,0
DA:63,0
DA:65,0
DA:73,0
DA:77,16
DA:79,0
DA:81,0
DA:86,0
DA:95,0
DA:96,0
DA:97,0
DA:100,0
DA:101,0
DA:102,0
DA:104,0
DA:105,0
DA:108,0
DA:109,0
DA:114,0
DA:115,0
DA:116,0
DA:118,0
DA:126,0
DA:132,0
DA:133,0
DA:134,0
DA:138,16
DA:140,0
DA:142,0
DA:147,0
DA:154,0
DA:155,0
DA:156,0
DA:159,0
DA:160,0
DA:161,0
DA:163,0
DA:164,0
DA:167,0
DA:168,0
DA:173,0
DA:174,0
DA:175,0
DA:177,0
DA:185,0
DA:191,0
DA:192,0
DA:193,0
DA:197,16
LF:78
LH:8
BRDA:16,0,0,0
BRDA:16,0,1,0
BRDA:17,1,0,0
BRDA:17,1,1,0
BRDA:17,1,2,0
BRDA:22,2,0,0
BRDA:22,2,1,0
BRDA:29,3,0,0
BRDA:29,3,1,0
BRDA:40,4,0,0
BRDA:40,4,1,0
BRDA:46,5,0,0
BRDA:46,5,1,0
BRDA:56,6,0,0
BRDA:56,6,1,0
BRDA:58,7,0,0
BRDA:58,7,1,0
BRDA:62,8,0,0
BRDA:62,8,1,0
BRDA:62,9,0,0
BRDA:62,9,1,0
BRDA:79,10,0,0
BRDA:79,10,1,0
BRDA:101,11,0,0
BRDA:101,11,1,0
BRDA:108,12,0,0
BRDA:108,12,1,0
BRDA:108,13,0,0
BRDA:108,13,1,0
BRDA:114,14,0,0
BRDA:114,14,1,0
BRDA:114,15,0,0
BRDA:114,15,1,0
BRDA:115,16,0,0
BRDA:115,16,1,0
BRDA:115,17,0,0
BRDA:115,17,1,0
BRDA:130,18,0,0
BRDA:130,18,1,0
BRDA:140,19,0,0
BRDA:140,19,1,0
BRDA:160,20,0,0
BRDA:160,20,1,0
BRDA:167,21,0,0
BRDA:167,21,1,0
BRDA:167,22,0,0
BRDA:167,22,1,0
BRDA:173,23,0,0
BRDA:173,23,1,0
BRDA:173,24,0,0
BRDA:173,24,1,0
BRDA:174,25,0,0
BRDA:174,25,1,0
BRDA:174,26,0,0
BRDA:174,26,1,0
BRDA:189,27,0,0
BRDA:189,27,1,0
BRF:57
BRH:0
end_of_record
TN:
SF:utils\modelHelper\stripModel.js
FN:4,(anonymous_0)
FN:11,(anonymous_1)
FNF:2
FNH:2
FNDA:16,(anonymous_0)
FNDA:1088,(anonymous_1)
DA:1,16
DA:4,16
DA:5,16
DA:6,0
DA:9,16
DA:11,16
DA:12,1088
DA:15,1088
DA:16,128
DA:17,960
DA:18,960
DA:20,960
DA:21,960
DA:22,0
DA:26,0
DA:29,0
DA:33,16
DA:36,16
LF:18
LH:14
BRDA:5,0,0,0
BRDA:5,0,1,16
BRDA:15,1,0,128
BRDA:15,1,1,960
BRDA:15,2,0,1088
BRDA:15,2,1,992
BRDA:17,3,0,960
BRDA:17,3,1,0
BRDA:17,4,0,960
BRDA:17,4,1,960
BRDA:18,5,0,960
BRDA:18,5,1,0
BRDA:18,6,0,960
BRDA:18,6,1,960
BRDA:21,7,0,0
BRDA:21,7,1,960
BRF:16
BRH:12
end_of_record
TN:
SF:utils\modelHelper\versionControl.js
FN:12,(anonymous_0)
FN:25,(anonymous_1)
FN:37,(anonymous_2)
FN:66,(anonymous_3)
FN:95,(anonymous_4)
FN:133,(anonymous_5)
FN:152,(anonymous_6)
FN:173,(anonymous_7)
FN:187,(anonymous_8)
FN:193,(anonymous_9)
FN:246,(anonymous_10)
FN:266,(anonymous_11)
FN:272,(anonymous_12)
FN:284,(anonymous_13)
FN:324,(anonymous_14)
FN:327,(anonymous_15)
FN:341,(anonymous_16)
FNF:17
FNH:13
FNDA:1,(anonymous_0)
FNDA:0,(anonymous_1)
FNDA:1,(anonymous_2)
FNDA:1,(anonymous_3)
FNDA:0,(anonymous_4)
FNDA:2,(anonymous_5)
FNDA:3,(anonymous_6)
FNDA:1,(anonymous_7)
FNDA:0,(anonymous_8)
FNDA:0,(anonymous_9)
FNDA:1,(anonymous_10)
FNDA:16,(anonymous_11)
FNDA:3,(anonymous_12)
FNDA:3,(anonymous_13)
FNDA:16,(anonymous_14)
FNDA:3,(anonymous_15)
FNDA:3,(anonymous_16)
DA:1,16
DA:2,16
DA:3,16
DA:4,16
DA:5,16
DA:6,16
DA:7,16
DA:8,16
DA:12,16
DA:13,1
DA:18,1
DA:19,0
DA:21,0
DA:25,0
DA:26,0
DA:28,0
DA:29,0
DA:30,0
DA:37,16
DA:43,1
DA:49,1
DA:50,0
DA:53,0
DA:56,1
DA:60,1
DA:61,0
DA:62,0
DA:65,1
DA:66,1
DA:69,1
DA:70,0
DA:71,0
DA:74,1
DA:81,1
DA:88,1
DA:89,1
DA:90,1
DA:91,1
DA:92,1
DA:95,16
DA:103,0
DA:104,0
DA:105,0
DA:106,0
DA:108,0
DA:123,0
DA:126,0
DA:133,16
DA:134,2
DA:135,2
DA:136,2
DA:137,37
DA:138,5
DA:140,32
DA:141,7
DA:142,7
DA:145,2
DA:152,16
DA:153,3
DA:164,3
DA:165,8
DA:166,2
DA:169,1
DA:172,16
DA:175,1
DA:187,1
DA:188,1
DA:192,16
DA:198,0
DA:202,0
DA:203,0
DA:204,0
DA:210,0
DA:214,0
DA:219,0
DA:220,0
DA:221,0
DA:224,0
DA:226,0
DA:227,0
DA:233,0
DA:237,0
DA:245,16
DA:247,1
DA:250,1
DA:251,0
DA:252,0
DA:258,0
DA:266,16
DA:270,16
DA:273,3
DA:274,3
DA:275,3
DA:277,0
DA:282,16
DA:285,3
DA:286,3
DA:287,3
DA:288,3
DA:289,3
DA:290,2
DA:293,1
DA:294,1
DA:295,1
DA:297,1
DA:298,1
DA:303,1
DA:308,1
DA:312,0
DA:318,0
DA:324,16
DA:325,16
DA:328,3
DA:329,3
DA:330,3
DA:331,3
DA:332,3
DA:334,0
DA:339,16
DA:342,3
DA:344,3
DA:345,3
DA:346,3
DA:347,3
DA:348,3
DA:350,3
DA:351,2
DA:352,2
DA:353,2
DA:356,2
DA:359,2
DA:363,0
DA:366,2
DA:367,2
DA:375,2
DA:379,0
DA:388,16
DA:389,16
LF:138
LH:95
BRDA:19,0,0,0
BRDA:19,0,1,0
BRDA:19,1,0,0
BRDA:19,1,1,0
BRDA:29,2,0,0
BRDA:29,2,1,0
BRDA:49,3,0,0
BRDA:49,3,1,1
BRDA:60,4,0,0
BRDA:60,4,1,1
BRDA:69,5,0,0
BRDA:69,5,1,1
BRDA:137,6,0,5
BRDA:137,6,1,32
BRDA:140,7,0,7
BRDA:140,7,1,25
BRDA:165,8,0,2
BRDA:165,8,1,6
BRDA:220,9,0,0
BRDA:220,9,1,0
BRDA:289,10,0,2
BRDA:289,10,1,1
BRDA:289,11,0,3
BRDA:289,11,1,2
BRDA:359,12,0,0
BRDA:359,12,1,2
BRDA:360,13,0,2
BRDA:360,13,1,0
BRF:28
BRH:15
end_of_record
